[0.060s] Invoking command in '/home/user/simulation_ws/build/turtlebot3_msgs': CMAKE_PREFIX_PATH=${CMAKE_PREFIX_PATH}:/home/user/simulation_ws/install/turtlebot3_teleop:/home/user/simulation_ws/install/turtlebot3_example:/home/simulations/ros2_sims_ws/install/rclrs_tests:/home/simulations/ros2_sims_ws/install/examples_rclrs_minimal_client_service:/home/simulations/ros2_sims_ws/install/sensor_msgs_py:/home/simulations/ros2_sims_ws/install/examples_rclrs_minimal_pub_sub:/home/simulations/ros2_sims_ws/install/examples_rclrs_message_demo:/home/simulations/ros2_sims_ws/install/rclrs:/home/simulations/ros2_sims_ws/install/rosidl_runtime_rs:/home/user/ros2_ws/install/linux_basics_project:/opt/ros/humble _=/usr/bin/env /usr/bin/cmake /home/user/simulation_ws/src/turtlebot3_msgs -DCMAKE_INSTALL_PREFIX=/home/user/simulation_ws/install/turtlebot3_msgs
[0.528s] -- The C compiler identification is GNU 11.4.0
[0.528s] -- The CXX compiler identification is GNU 11.4.0
[0.528s] -- Detecting C compiler ABI info
[0.528s] -- Detecting C compiler ABI info - done
[0.528s] -- Check for working C compiler: /usr/bin/cc - skipped
[0.530s] -- Detecting C compile features
[0.530s] -- Detecting C compile features - done
[0.530s] -- Detecting CXX compiler ABI info
[0.561s] -- Detecting CXX compiler ABI info - done
[0.573s] -- Check for working CXX compiler: /usr/bin/c++ - skipped
[0.573s] -- Detecting CXX compile features
[0.574s] -- Detecting CXX compile features - done
[0.575s] -- Found action_msgs: 1.2.1 (/home/simulations/ros2_sims_ws/install/action_msgs/share/action_msgs/cmake)
[0.912s] -- Found Python3: /usr/bin/python3 (found version "3.10.12") found components: Interpreter 
[1.376s] -- Found rosidl_generator_c: 3.1.5 (/opt/ros/humble/share/rosidl_generator_c/cmake)
[1.412s] -- Found rosidl_adapter: 3.1.5 (/opt/ros/humble/share/rosidl_adapter/cmake)
[1.452s] -- Found rosidl_generator_cpp: 3.1.5 (/opt/ros/humble/share/rosidl_generator_cpp/cmake)
[1.504s] -- Using all available rosidl_typesupport_c: rosidl_typesupport_fastrtps_c;rosidl_typesupport_introspection_c
[1.577s] -- Using all available rosidl_typesupport_cpp: rosidl_typesupport_fastrtps_cpp;rosidl_typesupport_introspection_cpp
[1.753s] -- Found rosidl_default_generators: 1.2.0 (/home/simulations/ros2_sims_ws/install/rosidl_default_generators/share/rosidl_default_generators/cmake)
[1.793s] -- Found std_msgs: 4.2.3 (/home/simulations/ros2_sims_ws/install/std_msgs/share/std_msgs/cmake)
[2.444s] -- Found ament_cmake_cppcheck: 0.12.10 (/opt/ros/humble/share/ament_cmake_cppcheck/cmake)
[2.460s] -- Found ament_cmake_cpplint: 0.12.10 (/opt/ros/humble/share/ament_cmake_cpplint/cmake)
[2.475s] -- Found ament_cmake_uncrustify: 0.12.10 (/opt/ros/humble/share/ament_cmake_uncrustify/cmake)
[2.493s] -- Found ament_cmake_ros: 0.10.0 (/opt/ros/humble/share/ament_cmake_ros/cmake)
[3.182s] -- Using all available rosidl_typesupport_c: rosidl_typesupport_fastrtps_c;rosidl_typesupport_introspection_c
[3.419s] -- Using all available rosidl_typesupport_cpp: rosidl_typesupport_fastrtps_cpp;rosidl_typesupport_introspection_cpp
[3.434s] -- Found rmw_implementation_cmake: 6.1.1 (/opt/ros/humble/share/rmw_implementation_cmake/cmake)
[3.707s] -- Found OpenSSL: /usr/lib/x86_64-linux-gnu/libcrypto.so (found version "3.0.2")  
[3.764s] -- Found FastRTPS: /opt/ros/humble/include  
[3.858s] [33mCMake Warning at /home/simulations/ros2_sims_ws/install/rosidl_generator_rs/share/rosidl_generator_rs/cmake/rosidl_generator_rs_generate_interfaces.cmake:62 (message):
[3.859s]   Rust actions generation is not implemented
[3.859s] Call Stack (most recent call first):
[3.859s]   /opt/ros/humble/share/ament_cmake_core/cmake/core/ament_execute_extensions.cmake:48 (include)
[3.859s]   /opt/ros/humble/share/rosidl_cmake/cmake/rosidl_generate_interfaces.cmake:286 (ament_execute_extensions)
[3.859s]   CMakeLists.txt:45 (rosidl_generate_interfaces)
[3.859s] 
[3.859s] [0m
[3.917s] -- Found PythonInterp: /usr/bin/python3 (found suitable version "3.10.12", minimum required is "3.6") 
[3.929s] -- Found python_cmake_module: 0.10.0 (/opt/ros/humble/share/python_cmake_module/cmake)
[3.968s] -- Found PythonLibs: /usr/lib/x86_64-linux-gnu/libpython3.10.so (found suitable version "3.10.12", minimum required is "3.5") 
[3.968s] -- Using PYTHON_EXECUTABLE: /usr/bin/python3
[3.969s] -- Using PYTHON_INCLUDE_DIRS: /usr/include/python3.10
[3.969s] -- Using PYTHON_LIBRARIES: /usr/lib/x86_64-linux-gnu/libpython3.10.so
[4.000s] -- Found PythonExtra: .so  
[4.120s] -- Found ament_cmake_flake8: 0.12.10 (/opt/ros/humble/share/ament_cmake_flake8/cmake)
[4.141s] -- Found ament_cmake_pep257: 0.12.10 (/opt/ros/humble/share/ament_cmake_pep257/cmake)
[4.153s] -- Configuring done
[4.218s] -- Generating done
[4.221s] -- Build files have been written to: /home/user/simulation_ws/build/turtlebot3_msgs
[4.239s] Invoked command in '/home/user/simulation_ws/build/turtlebot3_msgs' returned '0': CMAKE_PREFIX_PATH=${CMAKE_PREFIX_PATH}:/home/user/simulation_ws/install/turtlebot3_teleop:/home/user/simulation_ws/install/turtlebot3_example:/home/simulations/ros2_sims_ws/install/rclrs_tests:/home/simulations/ros2_sims_ws/install/examples_rclrs_minimal_client_service:/home/simulations/ros2_sims_ws/install/sensor_msgs_py:/home/simulations/ros2_sims_ws/install/examples_rclrs_minimal_pub_sub:/home/simulations/ros2_sims_ws/install/examples_rclrs_message_demo:/home/simulations/ros2_sims_ws/install/rclrs:/home/simulations/ros2_sims_ws/install/rosidl_runtime_rs:/home/user/ros2_ws/install/linux_basics_project:/opt/ros/humble _=/usr/bin/env /usr/bin/cmake /home/user/simulation_ws/src/turtlebot3_msgs -DCMAKE_INSTALL_PREFIX=/home/user/simulation_ws/install/turtlebot3_msgs
[4.242s] Invoking command in '/home/user/simulation_ws/build/turtlebot3_msgs': CMAKE_PREFIX_PATH=${CMAKE_PREFIX_PATH}:/home/user/simulation_ws/install/turtlebot3_teleop:/home/user/simulation_ws/install/turtlebot3_example:/home/simulations/ros2_sims_ws/install/rclrs_tests:/home/simulations/ros2_sims_ws/install/examples_rclrs_minimal_client_service:/home/simulations/ros2_sims_ws/install/sensor_msgs_py:/home/simulations/ros2_sims_ws/install/examples_rclrs_minimal_pub_sub:/home/simulations/ros2_sims_ws/install/examples_rclrs_message_demo:/home/simulations/ros2_sims_ws/install/rclrs:/home/simulations/ros2_sims_ws/install/rosidl_runtime_rs:/home/user/ros2_ws/install/linux_basics_project:/opt/ros/humble _=/usr/bin/env /usr/bin/cmake --build /home/user/simulation_ws/build/turtlebot3_msgs -- -j8 -l8
[4.319s] [  1%] [34m[1mGenerating C code for ROS interfaces[0m
[4.346s] [  2%] [34m[1mGenerating Rust code for ROS interfaces[0m
[4.358s] [  2%] Built target ament_cmake_python_copy_turtlebot3_msgs
[4.363s] [  4%] [34m[1mGenerating C++ code for ROS interfaces[0m
[4.688s] running egg_info
[4.688s] creating turtlebot3_msgs.egg-info
[4.689s] writing turtlebot3_msgs.egg-info/PKG-INFO
[4.689s] writing dependency_links to turtlebot3_msgs.egg-info/dependency_links.txt
[4.689s] writing top-level names to turtlebot3_msgs.egg-info/top_level.txt
[4.689s] writing manifest file 'turtlebot3_msgs.egg-info/SOURCES.txt'
[4.692s] reading manifest file 'turtlebot3_msgs.egg-info/SOURCES.txt'
[4.692s] writing manifest file 'turtlebot3_msgs.egg-info/SOURCES.txt'
[4.738s] [  4%] Built target ament_cmake_python_build_turtlebot3_msgs_egg
[5.068s] [  4%] Built target turtlebot3_msgs__rs
[5.723s] [  4%] Built target turtlebot3_msgs__cpp
[5.759s] [  5%] [34m[1mGenerating C++ type support for eProsima Fast-RTPS[0m
[5.769s] [  6%] [34m[1mGenerating C++ introspection for ROS interfaces[0m
[5.782s] [  8%] [34m[1mGenerating C++ type support dispatch for ROS interfaces[0m
[5.812s] [  9%] [32mBuilding C object CMakeFiles/turtlebot3_msgs__rosidl_generator_c.dir/rosidl_generator_c/turtlebot3_msgs/msg/detail/version_info__functions.c.o[0m
[5.814s] [ 11%] [32mBuilding C object CMakeFiles/turtlebot3_msgs__rosidl_generator_c.dir/rosidl_generator_c/turtlebot3_msgs/msg/detail/sound__functions.c.o[0m
[5.817s] [ 12%] [32mBuilding C object CMakeFiles/turtlebot3_msgs__rosidl_generator_c.dir/rosidl_generator_c/turtlebot3_msgs/srv/detail/dqn__functions.c.o[0m
[5.818s] [ 13%] [32mBuilding C object CMakeFiles/turtlebot3_msgs__rosidl_generator_c.dir/rosidl_generator_c/turtlebot3_msgs/srv/detail/sound__functions.c.o[0m
[5.822s] [ 15%] [32mBuilding C object CMakeFiles/turtlebot3_msgs__rosidl_generator_c.dir/rosidl_generator_c/turtlebot3_msgs/msg/detail/sensor_state__functions.c.o[0m
[5.908s] [ 16%] [32mBuilding C object CMakeFiles/turtlebot3_msgs__rosidl_generator_c.dir/rosidl_generator_c/turtlebot3_msgs/action/detail/patrol__functions.c.o[0m
[6.121s] [ 18%] [32m[1mLinking C shared library libturtlebot3_msgs__rosidl_generator_c.so[0m
[6.197s] [ 18%] Built target turtlebot3_msgs__rosidl_generator_c
[6.233s] [ 19%] [34m[1mGenerating C type support for eProsima Fast-RTPS[0m
[6.283s] [ 20%] [34m[1mGenerating C introspection for ROS interfaces[0m
[6.298s] [ 22%] [34m[1mGenerating C type support dispatch for ROS interfaces[0m
[7.437s] [ 23%] [32mBuilding CXX object CMakeFiles/turtlebot3_msgs__rosidl_typesupport_cpp.dir/rosidl_typesupport_cpp/turtlebot3_msgs/msg/sensor_state__type_support.cpp.o[0m
[7.464s] [ 25%] [32mBuilding CXX object CMakeFiles/turtlebot3_msgs__rosidl_typesupport_cpp.dir/rosidl_typesupport_cpp/turtlebot3_msgs/msg/sound__type_support.cpp.o[0m
[7.644s] [ 26%] [32mBuilding CXX object CMakeFiles/turtlebot3_msgs__rosidl_typesupport_introspection_cpp.dir/rosidl_typesupport_introspection_cpp/turtlebot3_msgs/msg/detail/sensor_state__type_support.cpp.o[0m
[7.733s] [ 27%] [32mBuilding CXX object CMakeFiles/turtlebot3_msgs__rosidl_typesupport_introspection_cpp.dir/rosidl_typesupport_introspection_cpp/turtlebot3_msgs/msg/detail/sound__type_support.cpp.o[0m
[7.793s] [ 29%] [32mBuilding CXX object CMakeFiles/turtlebot3_msgs__rosidl_typesupport_fastrtps_cpp.dir/rosidl_typesupport_fastrtps_cpp/turtlebot3_msgs/msg/detail/dds_fastrtps/sensor_state__type_support.cpp.o[0m
[7.981s] [ 30%] [32mBuilding CXX object CMakeFiles/turtlebot3_msgs__rosidl_typesupport_cpp.dir/rosidl_typesupport_cpp/turtlebot3_msgs/msg/version_info__type_support.cpp.o[0m
[8.125s] [ 31%] [32mBuilding CXX object CMakeFiles/turtlebot3_msgs__rosidl_typesupport_cpp.dir/rosidl_typesupport_cpp/turtlebot3_msgs/srv/sound__type_support.cpp.o[0m
[8.166s] [ 33%] [32mBuilding CXX object CMakeFiles/turtlebot3_msgs__rosidl_typesupport_c.dir/rosidl_typesupport_c/turtlebot3_msgs/msg/sensor_state__type_support.cpp.o[0m
[8.332s] [ 34%] [32mBuilding CXX object CMakeFiles/turtlebot3_msgs__rosidl_typesupport_c.dir/rosidl_typesupport_c/turtlebot3_msgs/msg/sound__type_support.cpp.o[0m
[8.487s] [ 36%] [32mBuilding C object CMakeFiles/turtlebot3_msgs__rosidl_typesupport_introspection_c.dir/rosidl_typesupport_introspection_c/turtlebot3_msgs/msg/detail/sensor_state__type_support.c.o[0m
[8.496s] [ 37%] [32mBuilding CXX object CMakeFiles/turtlebot3_msgs__rosidl_typesupport_introspection_cpp.dir/rosidl_typesupport_introspection_cpp/turtlebot3_msgs/msg/detail/version_info__type_support.cpp.o[0m
[8.556s] [ 38%] [32mBuilding CXX object CMakeFiles/turtlebot3_msgs__rosidl_typesupport_c.dir/rosidl_typesupport_c/turtlebot3_msgs/msg/version_info__type_support.cpp.o[0m
[8.676s] [ 40%] [32mBuilding CXX object CMakeFiles/turtlebot3_msgs__rosidl_typesupport_introspection_cpp.dir/rosidl_typesupport_introspection_cpp/turtlebot3_msgs/srv/detail/sound__type_support.cpp.o[0m
[8.705s] [ 41%] [32mBuilding C object CMakeFiles/turtlebot3_msgs__rosidl_typesupport_introspection_c.dir/rosidl_typesupport_introspection_c/turtlebot3_msgs/msg/detail/sound__type_support.c.o[0m
[8.707s] [ 43%] [32mBuilding CXX object CMakeFiles/turtlebot3_msgs__rosidl_typesupport_c.dir/rosidl_typesupport_c/turtlebot3_msgs/srv/sound__type_support.cpp.o[0m
[8.726s] [ 44%] [32mBuilding CXX object CMakeFiles/turtlebot3_msgs__rosidl_typesupport_cpp.dir/rosidl_typesupport_cpp/turtlebot3_msgs/srv/dqn__type_support.cpp.o[0m
[8.736s] [ 45%] [32mBuilding C object CMakeFiles/turtlebot3_msgs__rosidl_typesupport_introspection_c.dir/rosidl_typesupport_introspection_c/turtlebot3_msgs/msg/detail/version_info__type_support.c.o[0m
[8.793s] [ 47%] [32mBuilding CXX object CMakeFiles/turtlebot3_msgs__rosidl_typesupport_fastrtps_c.dir/rosidl_typesupport_fastrtps_c/turtlebot3_msgs/msg/detail/sensor_state__type_support_c.cpp.o[0m
[8.820s] [ 48%] [32mBuilding C object CMakeFiles/turtlebot3_msgs__rosidl_typesupport_introspection_c.dir/rosidl_typesupport_introspection_c/turtlebot3_msgs/srv/detail/sound__type_support.c.o[0m
[8.871s] [ 50%] [32mBuilding CXX object CMakeFiles/turtlebot3_msgs__rosidl_typesupport_fastrtps_cpp.dir/rosidl_typesupport_fastrtps_cpp/turtlebot3_msgs/msg/detail/dds_fastrtps/sound__type_support.cpp.o[0m
[8.900s] [ 51%] [32mBuilding CXX object CMakeFiles/turtlebot3_msgs__rosidl_typesupport_c.dir/rosidl_typesupport_c/turtlebot3_msgs/srv/dqn__type_support.cpp.o[0m
[8.950s] [ 52%] [32mBuilding CXX object CMakeFiles/turtlebot3_msgs__rosidl_typesupport_fastrtps_cpp.dir/rosidl_typesupport_fastrtps_cpp/turtlebot3_msgs/msg/detail/dds_fastrtps/version_info__type_support.cpp.o[0m
[9.033s] [ 54%] [32mBuilding C object CMakeFiles/turtlebot3_msgs__rosidl_typesupport_introspection_c.dir/rosidl_typesupport_introspection_c/turtlebot3_msgs/srv/detail/dqn__type_support.c.o[0m
[9.101s] [ 55%] [32mBuilding CXX object CMakeFiles/turtlebot3_msgs__rosidl_typesupport_c.dir/rosidl_typesupport_c/turtlebot3_msgs/action/patrol__type_support.cpp.o[0m
[9.236s] [ 56%] [32mBuilding CXX object CMakeFiles/turtlebot3_msgs__rosidl_typesupport_introspection_cpp.dir/rosidl_typesupport_introspection_cpp/turtlebot3_msgs/srv/detail/dqn__type_support.cpp.o[0m
[9.244s] [ 58%] [32mBuilding C object CMakeFiles/turtlebot3_msgs__rosidl_typesupport_introspection_c.dir/rosidl_typesupport_introspection_c/turtlebot3_msgs/action/detail/patrol__type_support.c.o[0m
[9.354s] [ 59%] [32m[1mLinking CXX shared library libturtlebot3_msgs__rosidl_typesupport_c.so[0m
[9.468s] [ 61%] [32mBuilding CXX object CMakeFiles/turtlebot3_msgs__rosidl_typesupport_cpp.dir/rosidl_typesupport_cpp/turtlebot3_msgs/action/patrol__type_support.cpp.o[0m
[9.487s] [ 62%] [32m[1mLinking C shared library libturtlebot3_msgs__rosidl_typesupport_introspection_c.so[0m
[9.560s] [ 63%] [32mBuilding CXX object CMakeFiles/turtlebot3_msgs__rosidl_typesupport_fastrtps_cpp.dir/rosidl_typesupport_fastrtps_cpp/turtlebot3_msgs/srv/detail/dds_fastrtps/sound__type_support.cpp.o[0m
[9.582s] [ 63%] Built target turtlebot3_msgs__rosidl_typesupport_c
[9.636s] [ 65%] [32mBuilding CXX object CMakeFiles/turtlebot3_msgs__rosidl_typesupport_fastrtps_c.dir/rosidl_typesupport_fastrtps_c/turtlebot3_msgs/msg/detail/sound__type_support_c.cpp.o[0m
[9.641s] [ 66%] [32mBuilding CXX object CMakeFiles/turtlebot3_msgs__rosidl_typesupport_fastrtps_cpp.dir/rosidl_typesupport_fastrtps_cpp/turtlebot3_msgs/srv/detail/dds_fastrtps/dqn__type_support.cpp.o[0m
[9.678s] [ 66%] Built target turtlebot3_msgs__rosidl_typesupport_introspection_c
[9.758s] [ 69%] [32mBuilding CXX object CMakeFiles/turtlebot3_msgs__rosidl_typesupport_fastrtps_cpp.dir/rosidl_typesupport_fastrtps_cpp/turtlebot3_msgs/action/detail/dds_fastrtps/patrol__type_support.cpp.o[0m
[9.760s] [ 69%] [32mBuilding CXX object CMakeFiles/turtlebot3_msgs__rosidl_typesupport_fastrtps_c.dir/rosidl_typesupport_fastrtps_c/turtlebot3_msgs/msg/detail/version_info__type_support_c.cpp.o[0m
[9.765s] [ 70%] [32mBuilding CXX object CMakeFiles/turtlebot3_msgs__rosidl_typesupport_introspection_cpp.dir/rosidl_typesupport_introspection_cpp/turtlebot3_msgs/action/detail/patrol__type_support.cpp.o[0m
[10.118s] [ 72%] [32mBuilding CXX object CMakeFiles/turtlebot3_msgs__rosidl_typesupport_fastrtps_c.dir/rosidl_typesupport_fastrtps_c/turtlebot3_msgs/srv/detail/sound__type_support_c.cpp.o[0m
[10.399s] [ 73%] [32m[1mLinking CXX shared library libturtlebot3_msgs__rosidl_typesupport_cpp.so[0m
[10.548s] [ 73%] Built target turtlebot3_msgs__rosidl_typesupport_cpp
[10.557s] [ 75%] [32mBuilding CXX object CMakeFiles/turtlebot3_msgs__rosidl_typesupport_fastrtps_c.dir/rosidl_typesupport_fastrtps_c/turtlebot3_msgs/srv/detail/dqn__type_support_c.cpp.o[0m
[10.567s] [ 76%] [32mBuilding CXX object CMakeFiles/turtlebot3_msgs__rosidl_typesupport_fastrtps_c.dir/rosidl_typesupport_fastrtps_c/turtlebot3_msgs/action/detail/patrol__type_support_c.cpp.o[0m
[11.034s] [ 77%] [32m[1mLinking CXX shared library libturtlebot3_msgs__rosidl_typesupport_introspection_cpp.so[0m
[11.071s] [ 79%] [32m[1mLinking CXX shared library libturtlebot3_msgs__rosidl_typesupport_fastrtps_cpp.so[0m
[11.173s] [ 79%] Built target turtlebot3_msgs__rosidl_typesupport_introspection_cpp
[11.223s] [ 79%] Built target turtlebot3_msgs__rosidl_typesupport_fastrtps_cpp
[11.239s] [ 80%] [32m[1mLinking CXX shared library libturtlebot3_msgs__rosidl_typesupport_fastrtps_c.so[0m
[11.347s] [ 80%] Built target turtlebot3_msgs__rosidl_typesupport_fastrtps_c
[11.391s] [ 80%] Built target turtlebot3_msgs
[11.437s] [ 81%] [34m[1mGenerating Python code for ROS interfaces[0m
[14.691s] [ 81%] Built target turtlebot3_msgs__py
[14.739s] [ 83%] [32mBuilding C object CMakeFiles/turtlebot3_msgs__rosidl_generator_py.dir/rosidl_generator_py/turtlebot3_msgs/msg/_version_info_s.c.o[0m
[14.739s] [ 84%] [32mBuilding C object CMakeFiles/turtlebot3_msgs__rosidl_generator_py.dir/rosidl_generator_py/turtlebot3_msgs/msg/_sound_s.c.o[0m
[14.746s] [ 86%] [32mBuilding C object CMakeFiles/turtlebot3_msgs__rosidl_generator_py.dir/rosidl_generator_py/turtlebot3_msgs/msg/_sensor_state_s.c.o[0m
[14.772s] [ 87%] [32mBuilding C object CMakeFiles/turtlebot3_msgs__rosidl_generator_py.dir/rosidl_generator_py/turtlebot3_msgs/srv/_dqn_s.c.o[0m
[14.794s] [ 88%] [32mBuilding C object CMakeFiles/turtlebot3_msgs__rosidl_generator_py.dir/rosidl_generator_py/turtlebot3_msgs/srv/_sound_s.c.o[0m
[14.795s] [ 90%] [32mBuilding C object CMakeFiles/turtlebot3_msgs__rosidl_generator_py.dir/rosidl_generator_py/turtlebot3_msgs/action/_patrol_s.c.o[0m
[15.126s] [ 91%] [32m[1mLinking C shared library rosidl_generator_py/turtlebot3_msgs/libturtlebot3_msgs__rosidl_generator_py.so[0m
[15.205s] [ 91%] Built target turtlebot3_msgs__rosidl_generator_py
[15.253s] [ 93%] [32mBuilding C object CMakeFiles/turtlebot3_msgs__rosidl_typesupport_fastrtps_c__pyext.dir/rosidl_generator_py/turtlebot3_msgs/_turtlebot3_msgs_s.ep.rosidl_typesupport_fastrtps_c.c.o[0m
[15.256s] [ 94%] [32mBuilding C object CMakeFiles/turtlebot3_msgs__rosidl_typesupport_introspection_c__pyext.dir/rosidl_generator_py/turtlebot3_msgs/_turtlebot3_msgs_s.ep.rosidl_typesupport_introspection_c.c.o[0m
[15.260s] [ 95%] [32mBuilding C object CMakeFiles/turtlebot3_msgs__rosidl_typesupport_c__pyext.dir/rosidl_generator_py/turtlebot3_msgs/_turtlebot3_msgs_s.ep.rosidl_typesupport_c.c.o[0m
[15.505s] [ 97%] [32m[1mLinking C shared library rosidl_generator_py/turtlebot3_msgs/turtlebot3_msgs_s__rosidl_typesupport_introspection_c.cpython-310-x86_64-linux-gnu.so[0m
[15.509s] [ 98%] [32m[1mLinking C shared library rosidl_generator_py/turtlebot3_msgs/turtlebot3_msgs_s__rosidl_typesupport_c.cpython-310-x86_64-linux-gnu.so[0m
[15.520s] [100%] [32m[1mLinking C shared library rosidl_generator_py/turtlebot3_msgs/turtlebot3_msgs_s__rosidl_typesupport_fastrtps_c.cpython-310-x86_64-linux-gnu.so[0m
[15.572s] [100%] Built target turtlebot3_msgs__rosidl_typesupport_c__pyext
[15.590s] [100%] Built target turtlebot3_msgs__rosidl_typesupport_introspection_c__pyext
[15.599s] [100%] Built target turtlebot3_msgs__rosidl_typesupport_fastrtps_c__pyext
[15.619s] Invoked command in '/home/user/simulation_ws/build/turtlebot3_msgs' returned '0': CMAKE_PREFIX_PATH=${CMAKE_PREFIX_PATH}:/home/user/simulation_ws/install/turtlebot3_teleop:/home/user/simulation_ws/install/turtlebot3_example:/home/simulations/ros2_sims_ws/install/rclrs_tests:/home/simulations/ros2_sims_ws/install/examples_rclrs_minimal_client_service:/home/simulations/ros2_sims_ws/install/sensor_msgs_py:/home/simulations/ros2_sims_ws/install/examples_rclrs_minimal_pub_sub:/home/simulations/ros2_sims_ws/install/examples_rclrs_message_demo:/home/simulations/ros2_sims_ws/install/rclrs:/home/simulations/ros2_sims_ws/install/rosidl_runtime_rs:/home/user/ros2_ws/install/linux_basics_project:/opt/ros/humble _=/usr/bin/env /usr/bin/cmake --build /home/user/simulation_ws/build/turtlebot3_msgs -- -j8 -l8
[16.163s] Invoking command in '/home/user/simulation_ws/build/turtlebot3_msgs': CMAKE_PREFIX_PATH=${CMAKE_PREFIX_PATH}:/home/user/simulation_ws/install/turtlebot3_teleop:/home/user/simulation_ws/install/turtlebot3_example:/home/simulations/ros2_sims_ws/install/rclrs_tests:/home/simulations/ros2_sims_ws/install/examples_rclrs_minimal_client_service:/home/simulations/ros2_sims_ws/install/sensor_msgs_py:/home/simulations/ros2_sims_ws/install/examples_rclrs_minimal_pub_sub:/home/simulations/ros2_sims_ws/install/examples_rclrs_message_demo:/home/simulations/ros2_sims_ws/install/rclrs:/home/simulations/ros2_sims_ws/install/rosidl_runtime_rs:/home/user/ros2_ws/install/linux_basics_project:/opt/ros/humble _=/usr/bin/env /usr/bin/cmake --install /home/user/simulation_ws/build/turtlebot3_msgs
[16.180s] -- Install configuration: ""
[16.180s] -- Installing: /home/user/simulation_ws/install/turtlebot3_msgs/share/ament_index/resource_index/rosidl_interfaces/turtlebot3_msgs
[16.180s] -- Installing: /home/user/simulation_ws/install/turtlebot3_msgs/include/turtlebot3_msgs/turtlebot3_msgs
[16.180s] -- Installing: /home/user/simulation_ws/install/turtlebot3_msgs/include/turtlebot3_msgs/turtlebot3_msgs/srv
[16.180s] -- Installing: /home/user/simulation_ws/install/turtlebot3_msgs/include/turtlebot3_msgs/turtlebot3_msgs/srv/detail
[16.181s] -- Installing: /home/user/simulation_ws/install/turtlebot3_msgs/include/turtlebot3_msgs/turtlebot3_msgs/srv/detail/dqn__functions.h
[16.181s] -- Installing: /home/user/simulation_ws/install/turtlebot3_msgs/include/turtlebot3_msgs/turtlebot3_msgs/srv/detail/sound__functions.c
[16.181s] -- Installing: /home/user/simulation_ws/install/turtlebot3_msgs/include/turtlebot3_msgs/turtlebot3_msgs/srv/detail/sound__struct.h
[16.181s] -- Installing: /home/user/simulation_ws/install/turtlebot3_msgs/include/turtlebot3_msgs/turtlebot3_msgs/srv/detail/sound__functions.h
[16.181s] -- Installing: /home/user/simulation_ws/install/turtlebot3_msgs/include/turtlebot3_msgs/turtlebot3_msgs/srv/detail/dqn__type_support.h
[16.181s] -- Installing: /home/user/simulation_ws/install/turtlebot3_msgs/include/turtlebot3_msgs/turtlebot3_msgs/srv/detail/dqn__struct.h
[16.182s] -- Installing: /home/user/simulation_ws/install/turtlebot3_msgs/include/turtlebot3_msgs/turtlebot3_msgs/srv/detail/dqn__functions.c
[16.182s] -- Installing: /home/user/simulation_ws/install/turtlebot3_msgs/include/turtlebot3_msgs/turtlebot3_msgs/srv/detail/sound__type_support.h
[16.182s] -- Installing: /home/user/simulation_ws/install/turtlebot3_msgs/include/turtlebot3_msgs/turtlebot3_msgs/srv/sound.h
[16.182s] -- Installing: /home/user/simulation_ws/install/turtlebot3_msgs/include/turtlebot3_msgs/turtlebot3_msgs/srv/dqn.h
[16.182s] -- Installing: /home/user/simulation_ws/install/turtlebot3_msgs/include/turtlebot3_msgs/turtlebot3_msgs/msg
[16.182s] -- Installing: /home/user/simulation_ws/install/turtlebot3_msgs/include/turtlebot3_msgs/turtlebot3_msgs/msg/detail
[16.183s] -- Installing: /home/user/simulation_ws/install/turtlebot3_msgs/include/turtlebot3_msgs/turtlebot3_msgs/msg/detail/version_info__functions.h
[16.183s] -- Installing: /home/user/simulation_ws/install/turtlebot3_msgs/include/turtlebot3_msgs/turtlebot3_msgs/msg/detail/version_info__type_support.h
[16.183s] -- Installing: /home/user/simulation_ws/install/turtlebot3_msgs/include/turtlebot3_msgs/turtlebot3_msgs/msg/detail/sensor_state__functions.c
[16.183s] -- Installing: /home/user/simulation_ws/install/turtlebot3_msgs/include/turtlebot3_msgs/turtlebot3_msgs/msg/detail/sound__functions.c
[16.183s] -- Installing: /home/user/simulation_ws/install/turtlebot3_msgs/include/turtlebot3_msgs/turtlebot3_msgs/msg/detail/sound__struct.h
[16.184s] -- Installing: /home/user/simulation_ws/install/turtlebot3_msgs/include/turtlebot3_msgs/turtlebot3_msgs/msg/detail/sound__functions.h
[16.184s] -- Installing: /home/user/simulation_ws/install/turtlebot3_msgs/include/turtlebot3_msgs/turtlebot3_msgs/msg/detail/version_info__functions.c
[16.184s] -- Installing: /home/user/simulation_ws/install/turtlebot3_msgs/include/turtlebot3_msgs/turtlebot3_msgs/msg/detail/sensor_state__functions.h
[16.184s] -- Installing: /home/user/simulation_ws/install/turtlebot3_msgs/include/turtlebot3_msgs/turtlebot3_msgs/msg/detail/sensor_state__type_support.h
[16.184s] -- Installing: /home/user/simulation_ws/install/turtlebot3_msgs/include/turtlebot3_msgs/turtlebot3_msgs/msg/detail/sensor_state__struct.h
[16.185s] -- Installing: /home/user/simulation_ws/install/turtlebot3_msgs/include/turtlebot3_msgs/turtlebot3_msgs/msg/detail/version_info__struct.h
[16.185s] -- Installing: /home/user/simulation_ws/install/turtlebot3_msgs/include/turtlebot3_msgs/turtlebot3_msgs/msg/detail/sound__type_support.h
[16.185s] -- Installing: /home/user/simulation_ws/install/turtlebot3_msgs/include/turtlebot3_msgs/turtlebot3_msgs/msg/rosidl_generator_c__visibility_control.h
[16.185s] -- Installing: /home/user/simulation_ws/install/turtlebot3_msgs/include/turtlebot3_msgs/turtlebot3_msgs/msg/sound.h
[16.185s] -- Installing: /home/user/simulation_ws/install/turtlebot3_msgs/include/turtlebot3_msgs/turtlebot3_msgs/msg/sensor_state.h
[16.185s] -- Installing: /home/user/simulation_ws/install/turtlebot3_msgs/include/turtlebot3_msgs/turtlebot3_msgs/msg/version_info.h
[16.186s] -- Installing: /home/user/simulation_ws/install/turtlebot3_msgs/include/turtlebot3_msgs/turtlebot3_msgs/action
[16.186s] -- Installing: /home/user/simulation_ws/install/turtlebot3_msgs/include/turtlebot3_msgs/turtlebot3_msgs/action/detail
[16.186s] -- Installing: /home/user/simulation_ws/install/turtlebot3_msgs/include/turtlebot3_msgs/turtlebot3_msgs/action/detail/patrol__functions.h
[16.186s] -- Installing: /home/user/simulation_ws/install/turtlebot3_msgs/include/turtlebot3_msgs/turtlebot3_msgs/action/detail/patrol__functions.c
[16.187s] -- Installing: /home/user/simulation_ws/install/turtlebot3_msgs/include/turtlebot3_msgs/turtlebot3_msgs/action/detail/patrol__struct.h
[16.187s] -- Installing: /home/user/simulation_ws/install/turtlebot3_msgs/include/turtlebot3_msgs/turtlebot3_msgs/action/detail/patrol__type_support.h
[16.188s] -- Installing: /home/user/simulation_ws/install/turtlebot3_msgs/include/turtlebot3_msgs/turtlebot3_msgs/action/patrol.h
[16.188s] -- Installing: /home/user/simulation_ws/install/turtlebot3_msgs/share/turtlebot3_msgs/environment/library_path.sh
[16.188s] -- Installing: /home/user/simulation_ws/install/turtlebot3_msgs/share/turtlebot3_msgs/environment/library_path.dsv
[16.188s] -- Installing: /home/user/simulation_ws/install/turtlebot3_msgs/lib/libturtlebot3_msgs__rosidl_generator_c.so
[16.189s] -- Set runtime path of "/home/user/simulation_ws/install/turtlebot3_msgs/lib/libturtlebot3_msgs__rosidl_generator_c.so" to ""
[16.189s] -- Up-to-date: /home/user/simulation_ws/install/turtlebot3_msgs/include/turtlebot3_msgs/turtlebot3_msgs
[16.190s] -- Up-to-date: /home/user/simulation_ws/install/turtlebot3_msgs/include/turtlebot3_msgs/turtlebot3_msgs/srv
[16.190s] -- Up-to-date: /home/user/simulation_ws/install/turtlebot3_msgs/include/turtlebot3_msgs/turtlebot3_msgs/srv/detail
[16.190s] -- Installing: /home/user/simulation_ws/install/turtlebot3_msgs/include/turtlebot3_msgs/turtlebot3_msgs/srv/detail/sound__rosidl_typesupport_fastrtps_c.h
[16.190s] -- Installing: /home/user/simulation_ws/install/turtlebot3_msgs/include/turtlebot3_msgs/turtlebot3_msgs/srv/detail/dqn__rosidl_typesupport_fastrtps_c.h
[16.190s] -- Up-to-date: /home/user/simulation_ws/install/turtlebot3_msgs/include/turtlebot3_msgs/turtlebot3_msgs/msg
[16.190s] -- Up-to-date: /home/user/simulation_ws/install/turtlebot3_msgs/include/turtlebot3_msgs/turtlebot3_msgs/msg/detail
[16.191s] -- Installing: /home/user/simulation_ws/install/turtlebot3_msgs/include/turtlebot3_msgs/turtlebot3_msgs/msg/detail/version_info__rosidl_typesupport_fastrtps_c.h
[16.191s] -- Installing: /home/user/simulation_ws/install/turtlebot3_msgs/include/turtlebot3_msgs/turtlebot3_msgs/msg/detail/sound__rosidl_typesupport_fastrtps_c.h
[16.191s] -- Installing: /home/user/simulation_ws/install/turtlebot3_msgs/include/turtlebot3_msgs/turtlebot3_msgs/msg/detail/sensor_state__rosidl_typesupport_fastrtps_c.h
[16.191s] -- Installing: /home/user/simulation_ws/install/turtlebot3_msgs/include/turtlebot3_msgs/turtlebot3_msgs/msg/rosidl_typesupport_fastrtps_c__visibility_control.h
[16.191s] -- Up-to-date: /home/user/simulation_ws/install/turtlebot3_msgs/include/turtlebot3_msgs/turtlebot3_msgs/action
[16.191s] -- Up-to-date: /home/user/simulation_ws/install/turtlebot3_msgs/include/turtlebot3_msgs/turtlebot3_msgs/action/detail
[16.191s] -- Installing: /home/user/simulation_ws/install/turtlebot3_msgs/include/turtlebot3_msgs/turtlebot3_msgs/action/detail/patrol__rosidl_typesupport_fastrtps_c.h
[16.191s] -- Installing: /home/user/simulation_ws/install/turtlebot3_msgs/lib/libturtlebot3_msgs__rosidl_typesupport_fastrtps_c.so
[16.192s] -- Set runtime path of "/home/user/simulation_ws/install/turtlebot3_msgs/lib/libturtlebot3_msgs__rosidl_typesupport_fastrtps_c.so" to ""
[16.192s] -- Up-to-date: /home/user/simulation_ws/install/turtlebot3_msgs/include/turtlebot3_msgs/turtlebot3_msgs
[16.192s] -- Up-to-date: /home/user/simulation_ws/install/turtlebot3_msgs/include/turtlebot3_msgs/turtlebot3_msgs/srv
[16.192s] -- Up-to-date: /home/user/simulation_ws/install/turtlebot3_msgs/include/turtlebot3_msgs/turtlebot3_msgs/srv/detail
[16.192s] -- Installing: /home/user/simulation_ws/install/turtlebot3_msgs/include/turtlebot3_msgs/turtlebot3_msgs/srv/detail/sound__traits.hpp
[16.193s] -- Installing: /home/user/simulation_ws/install/turtlebot3_msgs/include/turtlebot3_msgs/turtlebot3_msgs/srv/detail/dqn__traits.hpp
[16.193s] -- Installing: /home/user/simulation_ws/install/turtlebot3_msgs/include/turtlebot3_msgs/turtlebot3_msgs/srv/detail/dqn__struct.hpp
[16.193s] -- Installing: /home/user/simulation_ws/install/turtlebot3_msgs/include/turtlebot3_msgs/turtlebot3_msgs/srv/detail/dqn__builder.hpp
[16.193s] -- Installing: /home/user/simulation_ws/install/turtlebot3_msgs/include/turtlebot3_msgs/turtlebot3_msgs/srv/detail/sound__struct.hpp
[16.193s] -- Installing: /home/user/simulation_ws/install/turtlebot3_msgs/include/turtlebot3_msgs/turtlebot3_msgs/srv/detail/sound__builder.hpp
[16.193s] -- Installing: /home/user/simulation_ws/install/turtlebot3_msgs/include/turtlebot3_msgs/turtlebot3_msgs/srv/dqn.hpp
[16.193s] -- Installing: /home/user/simulation_ws/install/turtlebot3_msgs/include/turtlebot3_msgs/turtlebot3_msgs/srv/sound.hpp
[16.194s] -- Up-to-date: /home/user/simulation_ws/install/turtlebot3_msgs/include/turtlebot3_msgs/turtlebot3_msgs/msg
[16.194s] -- Up-to-date: /home/user/simulation_ws/install/turtlebot3_msgs/include/turtlebot3_msgs/turtlebot3_msgs/msg/detail
[16.194s] -- Installing: /home/user/simulation_ws/install/turtlebot3_msgs/include/turtlebot3_msgs/turtlebot3_msgs/msg/detail/sensor_state__traits.hpp
[16.194s] -- Installing: /home/user/simulation_ws/install/turtlebot3_msgs/include/turtlebot3_msgs/turtlebot3_msgs/msg/detail/sound__traits.hpp
[16.194s] -- Installing: /home/user/simulation_ws/install/turtlebot3_msgs/include/turtlebot3_msgs/turtlebot3_msgs/msg/detail/version_info__traits.hpp
[16.194s] -- Installing: /home/user/simulation_ws/install/turtlebot3_msgs/include/turtlebot3_msgs/turtlebot3_msgs/msg/detail/version_info__builder.hpp
[16.194s] -- Installing: /home/user/simulation_ws/install/turtlebot3_msgs/include/turtlebot3_msgs/turtlebot3_msgs/msg/detail/sensor_state__struct.hpp
[16.195s] -- Installing: /home/user/simulation_ws/install/turtlebot3_msgs/include/turtlebot3_msgs/turtlebot3_msgs/msg/detail/sensor_state__builder.hpp
[16.195s] -- Installing: /home/user/simulation_ws/install/turtlebot3_msgs/include/turtlebot3_msgs/turtlebot3_msgs/msg/detail/sound__struct.hpp
[16.195s] -- Installing: /home/user/simulation_ws/install/turtlebot3_msgs/include/turtlebot3_msgs/turtlebot3_msgs/msg/detail/sound__builder.hpp
[16.195s] -- Installing: /home/user/simulation_ws/install/turtlebot3_msgs/include/turtlebot3_msgs/turtlebot3_msgs/msg/detail/version_info__struct.hpp
[16.195s] -- Installing: /home/user/simulation_ws/install/turtlebot3_msgs/include/turtlebot3_msgs/turtlebot3_msgs/msg/version_info.hpp
[16.195s] -- Installing: /home/user/simulation_ws/install/turtlebot3_msgs/include/turtlebot3_msgs/turtlebot3_msgs/msg/sensor_state.hpp
[16.196s] -- Installing: /home/user/simulation_ws/install/turtlebot3_msgs/include/turtlebot3_msgs/turtlebot3_msgs/msg/sound.hpp
[16.196s] -- Up-to-date: /home/user/simulation_ws/install/turtlebot3_msgs/include/turtlebot3_msgs/turtlebot3_msgs/action
[16.196s] -- Up-to-date: /home/user/simulation_ws/install/turtlebot3_msgs/include/turtlebot3_msgs/turtlebot3_msgs/action/detail
[16.196s] -- Installing: /home/user/simulation_ws/install/turtlebot3_msgs/include/turtlebot3_msgs/turtlebot3_msgs/action/detail/patrol__traits.hpp
[16.196s] -- Installing: /home/user/simulation_ws/install/turtlebot3_msgs/include/turtlebot3_msgs/turtlebot3_msgs/action/detail/patrol__builder.hpp
[16.196s] -- Installing: /home/user/simulation_ws/install/turtlebot3_msgs/include/turtlebot3_msgs/turtlebot3_msgs/action/detail/patrol__struct.hpp
[16.197s] -- Installing: /home/user/simulation_ws/install/turtlebot3_msgs/include/turtlebot3_msgs/turtlebot3_msgs/action/patrol.hpp
[16.197s] -- Up-to-date: /home/user/simulation_ws/install/turtlebot3_msgs/include/turtlebot3_msgs/turtlebot3_msgs
[16.197s] -- Up-to-date: /home/user/simulation_ws/install/turtlebot3_msgs/include/turtlebot3_msgs/turtlebot3_msgs/srv
[16.197s] -- Up-to-date: /home/user/simulation_ws/install/turtlebot3_msgs/include/turtlebot3_msgs/turtlebot3_msgs/srv/detail
[16.197s] -- Installing: /home/user/simulation_ws/install/turtlebot3_msgs/include/turtlebot3_msgs/turtlebot3_msgs/srv/detail/dqn__rosidl_typesupport_fastrtps_cpp.hpp
[16.198s] -- Installing: /home/user/simulation_ws/install/turtlebot3_msgs/include/turtlebot3_msgs/turtlebot3_msgs/srv/detail/sound__rosidl_typesupport_fastrtps_cpp.hpp
[16.215s] -- Installing: /home/user/simulation_ws/install/turtlebot3_msgs/include/turtlebot3_msgs/turtlebot3_msgs/srv/detail/dds_fastrtps
[16.215s] -- Up-to-date: /home/user/simulation_ws/install/turtlebot3_msgs/include/turtlebot3_msgs/turtlebot3_msgs/msg
[16.215s] -- Up-to-date: /home/user/simulation_ws/install/turtlebot3_msgs/include/turtlebot3_msgs/turtlebot3_msgs/msg/detail
[16.215s] -- Installing: /home/user/simulation_ws/install/turtlebot3_msgs/include/turtlebot3_msgs/turtlebot3_msgs/msg/detail/sensor_state__rosidl_typesupport_fastrtps_cpp.hpp
[16.216s] -- Installing: /home/user/simulation_ws/install/turtlebot3_msgs/include/turtlebot3_msgs/turtlebot3_msgs/msg/detail/sound__rosidl_typesupport_fastrtps_cpp.hpp
[16.216s] -- Installing: /home/user/simulation_ws/install/turtlebot3_msgs/include/turtlebot3_msgs/turtlebot3_msgs/msg/detail/dds_fastrtps
[16.216s] -- Installing: /home/user/simulation_ws/install/turtlebot3_msgs/include/turtlebot3_msgs/turtlebot3_msgs/msg/detail/version_info__rosidl_typesupport_fastrtps_cpp.hpp
[16.216s] -- Installing: /home/user/simulation_ws/install/turtlebot3_msgs/include/turtlebot3_msgs/turtlebot3_msgs/msg/rosidl_typesupport_fastrtps_cpp__visibility_control.h
[16.216s] -- Up-to-date: /home/user/simulation_ws/install/turtlebot3_msgs/include/turtlebot3_msgs/turtlebot3_msgs/action
[16.216s] -- Up-to-date: /home/user/simulation_ws/install/turtlebot3_msgs/include/turtlebot3_msgs/turtlebot3_msgs/action/detail
[16.216s] -- Installing: /home/user/simulation_ws/install/turtlebot3_msgs/include/turtlebot3_msgs/turtlebot3_msgs/action/detail/dds_fastrtps
[16.216s] -- Installing: /home/user/simulation_ws/install/turtlebot3_msgs/include/turtlebot3_msgs/turtlebot3_msgs/action/detail/patrol__rosidl_typesupport_fastrtps_cpp.hpp
[16.217s] -- Installing: /home/user/simulation_ws/install/turtlebot3_msgs/lib/libturtlebot3_msgs__rosidl_typesupport_fastrtps_cpp.so
[16.217s] -- Set runtime path of "/home/user/simulation_ws/install/turtlebot3_msgs/lib/libturtlebot3_msgs__rosidl_typesupport_fastrtps_cpp.so" to ""
[16.217s] -- Up-to-date: /home/user/simulation_ws/install/turtlebot3_msgs/include/turtlebot3_msgs/turtlebot3_msgs
[16.218s] -- Up-to-date: /home/user/simulation_ws/install/turtlebot3_msgs/include/turtlebot3_msgs/turtlebot3_msgs/srv
[16.218s] -- Up-to-date: /home/user/simulation_ws/install/turtlebot3_msgs/include/turtlebot3_msgs/turtlebot3_msgs/srv/detail
[16.218s] -- Installing: /home/user/simulation_ws/install/turtlebot3_msgs/include/turtlebot3_msgs/turtlebot3_msgs/srv/detail/sound__rosidl_typesupport_introspection_c.h
[16.218s] -- Installing: /home/user/simulation_ws/install/turtlebot3_msgs/include/turtlebot3_msgs/turtlebot3_msgs/srv/detail/dqn__rosidl_typesupport_introspection_c.h
[16.218s] -- Installing: /home/user/simulation_ws/install/turtlebot3_msgs/include/turtlebot3_msgs/turtlebot3_msgs/srv/detail/sound__type_support.c
[16.218s] -- Installing: /home/user/simulation_ws/install/turtlebot3_msgs/include/turtlebot3_msgs/turtlebot3_msgs/srv/detail/dqn__type_support.c
[16.219s] -- Up-to-date: /home/user/simulation_ws/install/turtlebot3_msgs/include/turtlebot3_msgs/turtlebot3_msgs/msg
[16.219s] -- Up-to-date: /home/user/simulation_ws/install/turtlebot3_msgs/include/turtlebot3_msgs/turtlebot3_msgs/msg/detail
[16.219s] -- Installing: /home/user/simulation_ws/install/turtlebot3_msgs/include/turtlebot3_msgs/turtlebot3_msgs/msg/detail/version_info__rosidl_typesupport_introspection_c.h
[16.219s] -- Installing: /home/user/simulation_ws/install/turtlebot3_msgs/include/turtlebot3_msgs/turtlebot3_msgs/msg/detail/sound__rosidl_typesupport_introspection_c.h
[16.219s] -- Installing: /home/user/simulation_ws/install/turtlebot3_msgs/include/turtlebot3_msgs/turtlebot3_msgs/msg/detail/sensor_state__rosidl_typesupport_introspection_c.h
[16.219s] -- Installing: /home/user/simulation_ws/install/turtlebot3_msgs/include/turtlebot3_msgs/turtlebot3_msgs/msg/detail/sound__type_support.c
[16.219s] -- Installing: /home/user/simulation_ws/install/turtlebot3_msgs/include/turtlebot3_msgs/turtlebot3_msgs/msg/detail/version_info__type_support.c
[16.220s] -- Installing: /home/user/simulation_ws/install/turtlebot3_msgs/include/turtlebot3_msgs/turtlebot3_msgs/msg/detail/sensor_state__type_support.c
[16.220s] -- Installing: /home/user/simulation_ws/install/turtlebot3_msgs/include/turtlebot3_msgs/turtlebot3_msgs/msg/rosidl_typesupport_introspection_c__visibility_control.h
[16.220s] -- Up-to-date: /home/user/simulation_ws/install/turtlebot3_msgs/include/turtlebot3_msgs/turtlebot3_msgs/action
[16.220s] -- Up-to-date: /home/user/simulation_ws/install/turtlebot3_msgs/include/turtlebot3_msgs/turtlebot3_msgs/action/detail
[16.220s] -- Installing: /home/user/simulation_ws/install/turtlebot3_msgs/include/turtlebot3_msgs/turtlebot3_msgs/action/detail/patrol__rosidl_typesupport_introspection_c.h
[16.220s] -- Installing: /home/user/simulation_ws/install/turtlebot3_msgs/include/turtlebot3_msgs/turtlebot3_msgs/action/detail/patrol__type_support.c
[16.220s] -- Installing: /home/user/simulation_ws/install/turtlebot3_msgs/lib/libturtlebot3_msgs__rosidl_typesupport_introspection_c.so
[16.220s] -- Set runtime path of "/home/user/simulation_ws/install/turtlebot3_msgs/lib/libturtlebot3_msgs__rosidl_typesupport_introspection_c.so" to ""
[16.221s] -- Installing: /home/user/simulation_ws/install/turtlebot3_msgs/lib/libturtlebot3_msgs__rosidl_typesupport_c.so
[16.221s] -- Set runtime path of "/home/user/simulation_ws/install/turtlebot3_msgs/lib/libturtlebot3_msgs__rosidl_typesupport_c.so" to ""
[16.221s] -- Up-to-date: /home/user/simulation_ws/install/turtlebot3_msgs/include/turtlebot3_msgs/turtlebot3_msgs
[16.221s] -- Up-to-date: /home/user/simulation_ws/install/turtlebot3_msgs/include/turtlebot3_msgs/turtlebot3_msgs/srv
[16.221s] -- Up-to-date: /home/user/simulation_ws/install/turtlebot3_msgs/include/turtlebot3_msgs/turtlebot3_msgs/srv/detail
[16.221s] -- Installing: /home/user/simulation_ws/install/turtlebot3_msgs/include/turtlebot3_msgs/turtlebot3_msgs/srv/detail/dqn__rosidl_typesupport_introspection_cpp.hpp
[16.221s] -- Installing: /home/user/simulation_ws/install/turtlebot3_msgs/include/turtlebot3_msgs/turtlebot3_msgs/srv/detail/sound__type_support.cpp
[16.221s] -- Installing: /home/user/simulation_ws/install/turtlebot3_msgs/include/turtlebot3_msgs/turtlebot3_msgs/srv/detail/sound__rosidl_typesupport_introspection_cpp.hpp
[16.221s] -- Installing: /home/user/simulation_ws/install/turtlebot3_msgs/include/turtlebot3_msgs/turtlebot3_msgs/srv/detail/dqn__type_support.cpp
[16.222s] -- Up-to-date: /home/user/simulation_ws/install/turtlebot3_msgs/include/turtlebot3_msgs/turtlebot3_msgs/msg
[16.222s] -- Up-to-date: /home/user/simulation_ws/install/turtlebot3_msgs/include/turtlebot3_msgs/turtlebot3_msgs/msg/detail
[16.222s] -- Installing: /home/user/simulation_ws/install/turtlebot3_msgs/include/turtlebot3_msgs/turtlebot3_msgs/msg/detail/sensor_state__rosidl_typesupport_introspection_cpp.hpp
[16.222s] -- Installing: /home/user/simulation_ws/install/turtlebot3_msgs/include/turtlebot3_msgs/turtlebot3_msgs/msg/detail/version_info__type_support.cpp
[16.222s] -- Installing: /home/user/simulation_ws/install/turtlebot3_msgs/include/turtlebot3_msgs/turtlebot3_msgs/msg/detail/version_info__rosidl_typesupport_introspection_cpp.hpp
[16.222s] -- Installing: /home/user/simulation_ws/install/turtlebot3_msgs/include/turtlebot3_msgs/turtlebot3_msgs/msg/detail/sensor_state__type_support.cpp
[16.222s] -- Installing: /home/user/simulation_ws/install/turtlebot3_msgs/include/turtlebot3_msgs/turtlebot3_msgs/msg/detail/sound__type_support.cpp
[16.223s] -- Installing: /home/user/simulation_ws/install/turtlebot3_msgs/include/turtlebot3_msgs/turtlebot3_msgs/msg/detail/sound__rosidl_typesupport_introspection_cpp.hpp
[16.223s] -- Up-to-date: /home/user/simulation_ws/install/turtlebot3_msgs/include/turtlebot3_msgs/turtlebot3_msgs/action
[16.223s] -- Up-to-date: /home/user/simulation_ws/install/turtlebot3_msgs/include/turtlebot3_msgs/turtlebot3_msgs/action/detail
[16.223s] -- Installing: /home/user/simulation_ws/install/turtlebot3_msgs/include/turtlebot3_msgs/turtlebot3_msgs/action/detail/patrol__type_support.cpp
[16.223s] -- Installing: /home/user/simulation_ws/install/turtlebot3_msgs/include/turtlebot3_msgs/turtlebot3_msgs/action/detail/patrol__rosidl_typesupport_introspection_cpp.hpp
[16.223s] -- Installing: /home/user/simulation_ws/install/turtlebot3_msgs/lib/libturtlebot3_msgs__rosidl_typesupport_introspection_cpp.so
[16.223s] -- Set runtime path of "/home/user/simulation_ws/install/turtlebot3_msgs/lib/libturtlebot3_msgs__rosidl_typesupport_introspection_cpp.so" to ""
[16.223s] -- Installing: /home/user/simulation_ws/install/turtlebot3_msgs/lib/libturtlebot3_msgs__rosidl_typesupport_cpp.so
[16.223s] -- Set runtime path of "/home/user/simulation_ws/install/turtlebot3_msgs/lib/libturtlebot3_msgs__rosidl_typesupport_cpp.so" to ""
[16.224s] -- Installing: /home/user/simulation_ws/install/turtlebot3_msgs/share/ament_index/resource_index/rust_packages/turtlebot3_msgs
[16.224s] -- Installing: /home/user/simulation_ws/install/turtlebot3_msgs/share/turtlebot3_msgs/rust
[16.224s] -- Installing: /home/user/simulation_ws/install/turtlebot3_msgs/share/turtlebot3_msgs/rust/Cargo.toml
[16.224s] -- Installing: /home/user/simulation_ws/install/turtlebot3_msgs/share/turtlebot3_msgs/rust/src
[16.224s] -- Installing: /home/user/simulation_ws/install/turtlebot3_msgs/share/turtlebot3_msgs/rust/src/msg.rs
[16.224s] -- Installing: /home/user/simulation_ws/install/turtlebot3_msgs/share/turtlebot3_msgs/rust/src/srv.rs
[16.224s] -- Installing: /home/user/simulation_ws/install/turtlebot3_msgs/share/turtlebot3_msgs/rust/src/lib.rs
[16.224s] -- Installing: /home/user/simulation_ws/install/turtlebot3_msgs/share/turtlebot3_msgs/rust/build.rs
[16.224s] -- Up-to-date: /home/user/simulation_ws/install/turtlebot3_msgs/share/turtlebot3_msgs/rust
[16.225s] -- Up-to-date: /home/user/simulation_ws/install/turtlebot3_msgs/share/turtlebot3_msgs/rust/Cargo.toml
[16.225s] -- Up-to-date: /home/user/simulation_ws/install/turtlebot3_msgs/share/turtlebot3_msgs/rust/src
[16.225s] -- Up-to-date: /home/user/simulation_ws/install/turtlebot3_msgs/share/turtlebot3_msgs/rust/src/msg.rs
[16.225s] -- Up-to-date: /home/user/simulation_ws/install/turtlebot3_msgs/share/turtlebot3_msgs/rust/src/srv.rs
[16.225s] -- Up-to-date: /home/user/simulation_ws/install/turtlebot3_msgs/share/turtlebot3_msgs/rust/src/lib.rs
[16.225s] -- Up-to-date: /home/user/simulation_ws/install/turtlebot3_msgs/share/turtlebot3_msgs/rust/build.rs
[16.225s] -- Up-to-date: /home/user/simulation_ws/install/turtlebot3_msgs/share/turtlebot3_msgs/rust
[16.225s] -- Up-to-date: /home/user/simulation_ws/install/turtlebot3_msgs/share/turtlebot3_msgs/rust/Cargo.toml
[16.225s] -- Up-to-date: /home/user/simulation_ws/install/turtlebot3_msgs/share/turtlebot3_msgs/rust/src
[16.225s] -- Up-to-date: /home/user/simulation_ws/install/turtlebot3_msgs/share/turtlebot3_msgs/rust/src/msg.rs
[16.225s] -- Up-to-date: /home/user/simulation_ws/install/turtlebot3_msgs/share/turtlebot3_msgs/rust/src/srv.rs
[16.225s] -- Up-to-date: /home/user/simulation_ws/install/turtlebot3_msgs/share/turtlebot3_msgs/rust/src/lib.rs
[16.226s] -- Up-to-date: /home/user/simulation_ws/install/turtlebot3_msgs/share/turtlebot3_msgs/rust/build.rs
[16.226s] -- Installing: /home/user/simulation_ws/install/turtlebot3_msgs/share/turtlebot3_msgs/environment/pythonpath.sh
[16.226s] -- Installing: /home/user/simulation_ws/install/turtlebot3_msgs/share/turtlebot3_msgs/environment/pythonpath.dsv
[16.226s] -- Installing: /home/user/simulation_ws/install/turtlebot3_msgs/local/lib/python3.10/dist-packages/turtlebot3_msgs-2.2.3-py3.10.egg-info
[16.226s] -- Installing: /home/user/simulation_ws/install/turtlebot3_msgs/local/lib/python3.10/dist-packages/turtlebot3_msgs-2.2.3-py3.10.egg-info/PKG-INFO
[16.226s] -- Installing: /home/user/simulation_ws/install/turtlebot3_msgs/local/lib/python3.10/dist-packages/turtlebot3_msgs-2.2.3-py3.10.egg-info/top_level.txt
[16.226s] -- Installing: /home/user/simulation_ws/install/turtlebot3_msgs/local/lib/python3.10/dist-packages/turtlebot3_msgs-2.2.3-py3.10.egg-info/SOURCES.txt
[16.226s] -- Installing: /home/user/simulation_ws/install/turtlebot3_msgs/local/lib/python3.10/dist-packages/turtlebot3_msgs-2.2.3-py3.10.egg-info/dependency_links.txt
[16.227s] -- Installing: /home/user/simulation_ws/install/turtlebot3_msgs/local/lib/python3.10/dist-packages/turtlebot3_msgs
[16.227s] -- Installing: /home/user/simulation_ws/install/turtlebot3_msgs/local/lib/python3.10/dist-packages/turtlebot3_msgs/libturtlebot3_msgs__rosidl_generator_py.so
[16.227s] -- Installing: /home/user/simulation_ws/install/turtlebot3_msgs/local/lib/python3.10/dist-packages/turtlebot3_msgs/srv
[16.227s] -- Installing: /home/user/simulation_ws/install/turtlebot3_msgs/local/lib/python3.10/dist-packages/turtlebot3_msgs/srv/_dqn.py
[16.227s] -- Installing: /home/user/simulation_ws/install/turtlebot3_msgs/local/lib/python3.10/dist-packages/turtlebot3_msgs/srv/__init__.py
[16.227s] -- Installing: /home/user/simulation_ws/install/turtlebot3_msgs/local/lib/python3.10/dist-packages/turtlebot3_msgs/srv/_sound.py
[16.227s] -- Installing: /home/user/simulation_ws/install/turtlebot3_msgs/local/lib/python3.10/dist-packages/turtlebot3_msgs/srv/_sound_s.c
[16.228s] -- Installing: /home/user/simulation_ws/install/turtlebot3_msgs/local/lib/python3.10/dist-packages/turtlebot3_msgs/srv/_dqn_s.c
[16.228s] -- Installing: /home/user/simulation_ws/install/turtlebot3_msgs/local/lib/python3.10/dist-packages/turtlebot3_msgs/msg
[16.228s] -- Installing: /home/user/simulation_ws/install/turtlebot3_msgs/local/lib/python3.10/dist-packages/turtlebot3_msgs/msg/_sensor_state.py
[16.228s] -- Installing: /home/user/simulation_ws/install/turtlebot3_msgs/local/lib/python3.10/dist-packages/turtlebot3_msgs/msg/_version_info_s.c
[16.228s] -- Installing: /home/user/simulation_ws/install/turtlebot3_msgs/local/lib/python3.10/dist-packages/turtlebot3_msgs/msg/_sensor_state_s.c
[16.228s] -- Installing: /home/user/simulation_ws/install/turtlebot3_msgs/local/lib/python3.10/dist-packages/turtlebot3_msgs/msg/__init__.py
[16.228s] -- Installing: /home/user/simulation_ws/install/turtlebot3_msgs/local/lib/python3.10/dist-packages/turtlebot3_msgs/msg/_sound.py
[16.228s] -- Installing: /home/user/simulation_ws/install/turtlebot3_msgs/local/lib/python3.10/dist-packages/turtlebot3_msgs/msg/_sound_s.c
[16.229s] -- Installing: /home/user/simulation_ws/install/turtlebot3_msgs/local/lib/python3.10/dist-packages/turtlebot3_msgs/msg/_version_info.py
[16.229s] -- Installing: /home/user/simulation_ws/install/turtlebot3_msgs/local/lib/python3.10/dist-packages/turtlebot3_msgs/turtlebot3_msgs_s__rosidl_typesupport_c.cpython-310-x86_64-linux-gnu.so
[16.229s] -- Installing: /home/user/simulation_ws/install/turtlebot3_msgs/local/lib/python3.10/dist-packages/turtlebot3_msgs/turtlebot3_msgs_s__rosidl_typesupport_fastrtps_c.cpython-310-x86_64-linux-gnu.so
[16.229s] -- Installing: /home/user/simulation_ws/install/turtlebot3_msgs/local/lib/python3.10/dist-packages/turtlebot3_msgs/__init__.py
[16.229s] -- Installing: /home/user/simulation_ws/install/turtlebot3_msgs/local/lib/python3.10/dist-packages/turtlebot3_msgs/_turtlebot3_msgs_s.ep.rosidl_typesupport_introspection_c.c
[16.229s] -- Installing: /home/user/simulation_ws/install/turtlebot3_msgs/local/lib/python3.10/dist-packages/turtlebot3_msgs/_turtlebot3_msgs_s.ep.rosidl_typesupport_fastrtps_c.c
[16.229s] -- Installing: /home/user/simulation_ws/install/turtlebot3_msgs/local/lib/python3.10/dist-packages/turtlebot3_msgs/_turtlebot3_msgs_s.ep.rosidl_typesupport_c.c
[16.229s] -- Installing: /home/user/simulation_ws/install/turtlebot3_msgs/local/lib/python3.10/dist-packages/turtlebot3_msgs/action
[16.230s] -- Installing: /home/user/simulation_ws/install/turtlebot3_msgs/local/lib/python3.10/dist-packages/turtlebot3_msgs/action/_patrol_s.c
[16.230s] -- Installing: /home/user/simulation_ws/install/turtlebot3_msgs/local/lib/python3.10/dist-packages/turtlebot3_msgs/action/__init__.py
[16.230s] -- Installing: /home/user/simulation_ws/install/turtlebot3_msgs/local/lib/python3.10/dist-packages/turtlebot3_msgs/action/_patrol.py
[16.230s] -- Installing: /home/user/simulation_ws/install/turtlebot3_msgs/local/lib/python3.10/dist-packages/turtlebot3_msgs/turtlebot3_msgs_s__rosidl_typesupport_introspection_c.cpython-310-x86_64-linux-gnu.so
[16.317s] Listing '/home/user/simulation_ws/install/turtlebot3_msgs/local/lib/python3.10/dist-packages/turtlebot3_msgs'...
[16.317s] Compiling '/home/user/simulation_ws/install/turtlebot3_msgs/local/lib/python3.10/dist-packages/turtlebot3_msgs/__init__.py'...
[16.317s] Listing '/home/user/simulation_ws/install/turtlebot3_msgs/local/lib/python3.10/dist-packages/turtlebot3_msgs/action'...
[16.317s] Compiling '/home/user/simulation_ws/install/turtlebot3_msgs/local/lib/python3.10/dist-packages/turtlebot3_msgs/action/__init__.py'...
[16.317s] Compiling '/home/user/simulation_ws/install/turtlebot3_msgs/local/lib/python3.10/dist-packages/turtlebot3_msgs/action/_patrol.py'...
[16.318s] Listing '/home/user/simulation_ws/install/turtlebot3_msgs/local/lib/python3.10/dist-packages/turtlebot3_msgs/msg'...
[16.318s] Compiling '/home/user/simulation_ws/install/turtlebot3_msgs/local/lib/python3.10/dist-packages/turtlebot3_msgs/msg/__init__.py'...
[16.318s] Compiling '/home/user/simulation_ws/install/turtlebot3_msgs/local/lib/python3.10/dist-packages/turtlebot3_msgs/msg/_sensor_state.py'...
[16.318s] Compiling '/home/user/simulation_ws/install/turtlebot3_msgs/local/lib/python3.10/dist-packages/turtlebot3_msgs/msg/_sound.py'...
[16.318s] Compiling '/home/user/simulation_ws/install/turtlebot3_msgs/local/lib/python3.10/dist-packages/turtlebot3_msgs/msg/_version_info.py'...
[16.318s] Listing '/home/user/simulation_ws/install/turtlebot3_msgs/local/lib/python3.10/dist-packages/turtlebot3_msgs/srv'...
[16.318s] Compiling '/home/user/simulation_ws/install/turtlebot3_msgs/local/lib/python3.10/dist-packages/turtlebot3_msgs/srv/__init__.py'...
[16.318s] Compiling '/home/user/simulation_ws/install/turtlebot3_msgs/local/lib/python3.10/dist-packages/turtlebot3_msgs/srv/_dqn.py'...
[16.319s] Compiling '/home/user/simulation_ws/install/turtlebot3_msgs/local/lib/python3.10/dist-packages/turtlebot3_msgs/srv/_sound.py'...
[16.325s] -- Installing: /home/user/simulation_ws/install/turtlebot3_msgs/local/lib/python3.10/dist-packages/turtlebot3_msgs/turtlebot3_msgs_s__rosidl_typesupport_fastrtps_c.cpython-310-x86_64-linux-gnu.so
[16.326s] -- Set runtime path of "/home/user/simulation_ws/install/turtlebot3_msgs/local/lib/python3.10/dist-packages/turtlebot3_msgs/turtlebot3_msgs_s__rosidl_typesupport_fastrtps_c.cpython-310-x86_64-linux-gnu.so" to ""
[16.326s] -- Installing: /home/user/simulation_ws/install/turtlebot3_msgs/local/lib/python3.10/dist-packages/turtlebot3_msgs/turtlebot3_msgs_s__rosidl_typesupport_introspection_c.cpython-310-x86_64-linux-gnu.so
[16.327s] -- Set runtime path of "/home/user/simulation_ws/install/turtlebot3_msgs/local/lib/python3.10/dist-packages/turtlebot3_msgs/turtlebot3_msgs_s__rosidl_typesupport_introspection_c.cpython-310-x86_64-linux-gnu.so" to ""
[16.327s] -- Installing: /home/user/simulation_ws/install/turtlebot3_msgs/local/lib/python3.10/dist-packages/turtlebot3_msgs/turtlebot3_msgs_s__rosidl_typesupport_c.cpython-310-x86_64-linux-gnu.so
[16.328s] -- Set runtime path of "/home/user/simulation_ws/install/turtlebot3_msgs/local/lib/python3.10/dist-packages/turtlebot3_msgs/turtlebot3_msgs_s__rosidl_typesupport_c.cpython-310-x86_64-linux-gnu.so" to ""
[16.328s] -- Installing: /home/user/simulation_ws/install/turtlebot3_msgs/lib/libturtlebot3_msgs__rosidl_generator_py.so
[16.329s] -- Set runtime path of "/home/user/simulation_ws/install/turtlebot3_msgs/lib/libturtlebot3_msgs__rosidl_generator_py.so" to ""
[16.329s] -- Installing: /home/user/simulation_ws/install/turtlebot3_msgs/share/turtlebot3_msgs/msg/SensorState.idl
[16.329s] -- Installing: /home/user/simulation_ws/install/turtlebot3_msgs/share/turtlebot3_msgs/msg/Sound.idl
[16.329s] -- Installing: /home/user/simulation_ws/install/turtlebot3_msgs/share/turtlebot3_msgs/msg/VersionInfo.idl
[16.330s] -- Installing: /home/user/simulation_ws/install/turtlebot3_msgs/share/turtlebot3_msgs/srv/Sound.idl
[16.330s] -- Installing: /home/user/simulation_ws/install/turtlebot3_msgs/share/turtlebot3_msgs/srv/Dqn.idl
[16.331s] -- Installing: /home/user/simulation_ws/install/turtlebot3_msgs/share/turtlebot3_msgs/action/Patrol.idl
[16.331s] -- Installing: /home/user/simulation_ws/install/turtlebot3_msgs/share/turtlebot3_msgs/msg/SensorState.msg
[16.331s] -- Installing: /home/user/simulation_ws/install/turtlebot3_msgs/share/turtlebot3_msgs/msg/Sound.msg
[16.331s] -- Installing: /home/user/simulation_ws/install/turtlebot3_msgs/share/turtlebot3_msgs/msg/VersionInfo.msg
[16.331s] -- Installing: /home/user/simulation_ws/install/turtlebot3_msgs/share/turtlebot3_msgs/srv/Sound.srv
[16.332s] -- Installing: /home/user/simulation_ws/install/turtlebot3_msgs/share/turtlebot3_msgs/srv/Sound_Request.msg
[16.332s] -- Installing: /home/user/simulation_ws/install/turtlebot3_msgs/share/turtlebot3_msgs/srv/Sound_Response.msg
[16.332s] -- Installing: /home/user/simulation_ws/install/turtlebot3_msgs/share/turtlebot3_msgs/srv/Dqn.srv
[16.332s] -- Installing: /home/user/simulation_ws/install/turtlebot3_msgs/share/turtlebot3_msgs/srv/Dqn_Request.msg
[16.333s] -- Installing: /home/user/simulation_ws/install/turtlebot3_msgs/share/turtlebot3_msgs/srv/Dqn_Response.msg
[16.333s] -- Installing: /home/user/simulation_ws/install/turtlebot3_msgs/share/turtlebot3_msgs/action/Patrol.action
[16.333s] -- Installing: /home/user/simulation_ws/install/turtlebot3_msgs/share/ament_index/resource_index/package_run_dependencies/turtlebot3_msgs
[16.333s] -- Installing: /home/user/simulation_ws/install/turtlebot3_msgs/share/ament_index/resource_index/parent_prefix_path/turtlebot3_msgs
[16.334s] -- Installing: /home/user/simulation_ws/install/turtlebot3_msgs/share/turtlebot3_msgs/environment/ament_prefix_path.sh
[16.334s] -- Installing: /home/user/simulation_ws/install/turtlebot3_msgs/share/turtlebot3_msgs/environment/ament_prefix_path.dsv
[16.334s] -- Installing: /home/user/simulation_ws/install/turtlebot3_msgs/share/turtlebot3_msgs/environment/path.sh
[16.334s] -- Installing: /home/user/simulation_ws/install/turtlebot3_msgs/share/turtlebot3_msgs/environment/path.dsv
[16.335s] -- Installing: /home/user/simulation_ws/install/turtlebot3_msgs/share/turtlebot3_msgs/local_setup.bash
[16.335s] -- Installing: /home/user/simulation_ws/install/turtlebot3_msgs/share/turtlebot3_msgs/local_setup.sh
[16.335s] -- Installing: /home/user/simulation_ws/install/turtlebot3_msgs/share/turtlebot3_msgs/local_setup.zsh
[16.335s] -- Installing: /home/user/simulation_ws/install/turtlebot3_msgs/share/turtlebot3_msgs/local_setup.dsv
[16.336s] -- Installing: /home/user/simulation_ws/install/turtlebot3_msgs/share/turtlebot3_msgs/package.dsv
[16.336s] -- Installing: /home/user/simulation_ws/install/turtlebot3_msgs/share/ament_index/resource_index/packages/turtlebot3_msgs
[16.336s] -- Installing: /home/user/simulation_ws/install/turtlebot3_msgs/share/turtlebot3_msgs/cmake/export_turtlebot3_msgs__rosidl_generator_cExport.cmake
[16.336s] -- Installing: /home/user/simulation_ws/install/turtlebot3_msgs/share/turtlebot3_msgs/cmake/export_turtlebot3_msgs__rosidl_generator_cExport-noconfig.cmake
[16.337s] -- Installing: /home/user/simulation_ws/install/turtlebot3_msgs/share/turtlebot3_msgs/cmake/export_turtlebot3_msgs__rosidl_typesupport_fastrtps_cExport.cmake
[16.337s] -- Installing: /home/user/simulation_ws/install/turtlebot3_msgs/share/turtlebot3_msgs/cmake/export_turtlebot3_msgs__rosidl_typesupport_fastrtps_cExport-noconfig.cmake
[16.337s] -- Installing: /home/user/simulation_ws/install/turtlebot3_msgs/share/turtlebot3_msgs/cmake/export_turtlebot3_msgs__rosidl_generator_cppExport.cmake
[16.337s] -- Installing: /home/user/simulation_ws/install/turtlebot3_msgs/share/turtlebot3_msgs/cmake/export_turtlebot3_msgs__rosidl_typesupport_fastrtps_cppExport.cmake
[16.338s] -- Installing: /home/user/simulation_ws/install/turtlebot3_msgs/share/turtlebot3_msgs/cmake/export_turtlebot3_msgs__rosidl_typesupport_fastrtps_cppExport-noconfig.cmake
[16.338s] -- Installing: /home/user/simulation_ws/install/turtlebot3_msgs/share/turtlebot3_msgs/cmake/turtlebot3_msgs__rosidl_typesupport_introspection_cExport.cmake
[16.338s] -- Installing: /home/user/simulation_ws/install/turtlebot3_msgs/share/turtlebot3_msgs/cmake/turtlebot3_msgs__rosidl_typesupport_introspection_cExport-noconfig.cmake
[16.339s] -- Installing: /home/user/simulation_ws/install/turtlebot3_msgs/share/turtlebot3_msgs/cmake/turtlebot3_msgs__rosidl_typesupport_cExport.cmake
[16.339s] -- Installing: /home/user/simulation_ws/install/turtlebot3_msgs/share/turtlebot3_msgs/cmake/turtlebot3_msgs__rosidl_typesupport_cExport-noconfig.cmake
[16.339s] -- Installing: /home/user/simulation_ws/install/turtlebot3_msgs/share/turtlebot3_msgs/cmake/turtlebot3_msgs__rosidl_typesupport_introspection_cppExport.cmake
[16.339s] -- Installing: /home/user/simulation_ws/install/turtlebot3_msgs/share/turtlebot3_msgs/cmake/turtlebot3_msgs__rosidl_typesupport_introspection_cppExport-noconfig.cmake
[16.340s] -- Installing: /home/user/simulation_ws/install/turtlebot3_msgs/share/turtlebot3_msgs/cmake/turtlebot3_msgs__rosidl_typesupport_cppExport.cmake
[16.340s] -- Installing: /home/user/simulation_ws/install/turtlebot3_msgs/share/turtlebot3_msgs/cmake/turtlebot3_msgs__rosidl_typesupport_cppExport-noconfig.cmake
[16.340s] -- Installing: /home/user/simulation_ws/install/turtlebot3_msgs/share/turtlebot3_msgs/cmake/export_turtlebot3_msgs__rosidl_generator_pyExport.cmake
[16.340s] -- Installing: /home/user/simulation_ws/install/turtlebot3_msgs/share/turtlebot3_msgs/cmake/export_turtlebot3_msgs__rosidl_generator_pyExport-noconfig.cmake
[16.341s] -- Installing: /home/user/simulation_ws/install/turtlebot3_msgs/share/turtlebot3_msgs/cmake/rosidl_cmake-extras.cmake
[16.341s] -- Installing: /home/user/simulation_ws/install/turtlebot3_msgs/share/turtlebot3_msgs/cmake/ament_cmake_export_dependencies-extras.cmake
[16.341s] -- Installing: /home/user/simulation_ws/install/turtlebot3_msgs/share/turtlebot3_msgs/cmake/ament_cmake_export_include_directories-extras.cmake
[16.341s] -- Installing: /home/user/simulation_ws/install/turtlebot3_msgs/share/turtlebot3_msgs/cmake/ament_cmake_export_libraries-extras.cmake
[16.342s] -- Installing: /home/user/simulation_ws/install/turtlebot3_msgs/share/turtlebot3_msgs/cmake/ament_cmake_export_targets-extras.cmake
[16.342s] -- Installing: /home/user/simulation_ws/install/turtlebot3_msgs/share/turtlebot3_msgs/cmake/rosidl_cmake_export_typesupport_targets-extras.cmake
[16.342s] -- Installing: /home/user/simulation_ws/install/turtlebot3_msgs/share/turtlebot3_msgs/cmake/rosidl_cmake_export_typesupport_libraries-extras.cmake
[16.342s] -- Installing: /home/user/simulation_ws/install/turtlebot3_msgs/share/turtlebot3_msgs/cmake/turtlebot3_msgsConfig.cmake
[16.343s] -- Installing: /home/user/simulation_ws/install/turtlebot3_msgs/share/turtlebot3_msgs/cmake/turtlebot3_msgsConfig-version.cmake
[16.343s] -- Installing: /home/user/simulation_ws/install/turtlebot3_msgs/share/turtlebot3_msgs/package.xml
[16.347s] Invoked command in '/home/user/simulation_ws/build/turtlebot3_msgs' returned '0': CMAKE_PREFIX_PATH=${CMAKE_PREFIX_PATH}:/home/user/simulation_ws/install/turtlebot3_teleop:/home/user/simulation_ws/install/turtlebot3_example:/home/simulations/ros2_sims_ws/install/rclrs_tests:/home/simulations/ros2_sims_ws/install/examples_rclrs_minimal_client_service:/home/simulations/ros2_sims_ws/install/sensor_msgs_py:/home/simulations/ros2_sims_ws/install/examples_rclrs_minimal_pub_sub:/home/simulations/ros2_sims_ws/install/examples_rclrs_message_demo:/home/simulations/ros2_sims_ws/install/rclrs:/home/simulations/ros2_sims_ws/install/rosidl_runtime_rs:/home/user/ros2_ws/install/linux_basics_project:/opt/ros/humble _=/usr/bin/env /usr/bin/cmake --install /home/user/simulation_ws/build/turtlebot3_msgs
