[0.053s] Invoking command in '/home/user/simulation_ws/build/turtlebot3_cartographer': CMAKE_PREFIX_PATH=${CMAKE_PREFIX_PATH}:/home/user/simulation_ws/install/turtlebot3_teleop:/home/user/simulation_ws/install/turtlebot3_example:/home/simulations/ros2_sims_ws/install/rclrs_tests:/home/simulations/ros2_sims_ws/install/examples_rclrs_minimal_client_service:/home/simulations/ros2_sims_ws/install/sensor_msgs_py:/home/simulations/ros2_sims_ws/install/examples_rclrs_minimal_pub_sub:/home/simulations/ros2_sims_ws/install/examples_rclrs_message_demo:/home/simulations/ros2_sims_ws/install/rclrs:/home/simulations/ros2_sims_ws/install/rosidl_runtime_rs:/home/user/ros2_ws/install/linux_basics_project:/opt/ros/humble _=/usr/bin/env /usr/bin/cmake /home/user/simulation_ws/src/turtlebot3/turtlebot3_cartographer -DCMAKE_INSTALL_PREFIX=/home/user/simulation_ws/install/turtlebot3_cartographer
[0.521s] -- The C compiler identification is GNU 11.4.0
[0.521s] -- The CXX compiler identification is GNU 11.4.0
[0.521s] -- Detecting C compiler ABI info
[0.521s] -- Detecting C compiler ABI info - done
[0.521s] -- Check for working C compiler: /usr/bin/cc - skipped
[0.521s] -- Detecting C compile features
[0.521s] -- Detecting C compile features - done
[0.521s] -- Detecting CXX compiler ABI info
[0.555s] -- Detecting CXX compiler ABI info - done
[0.569s] -- Check for working CXX compiler: /usr/bin/c++ - skipped
[0.570s] -- Detecting CXX compile features
[0.570s] -- Detecting CXX compile features - done
[0.588s] -- Found ament_cmake: 1.3.8 (/opt/ros/humble/share/ament_cmake/cmake)
[0.952s] -- Found Python3: /usr/bin/python3 (found version "3.10.12") found components: Interpreter 
[1.417s] -- Configuring done
[1.421s] -- Generating done
[1.422s] -- Build files have been written to: /home/user/simulation_ws/build/turtlebot3_cartographer
[1.426s] Invoked command in '/home/user/simulation_ws/build/turtlebot3_cartographer' returned '0': CMAKE_PREFIX_PATH=${CMAKE_PREFIX_PATH}:/home/user/simulation_ws/install/turtlebot3_teleop:/home/user/simulation_ws/install/turtlebot3_example:/home/simulations/ros2_sims_ws/install/rclrs_tests:/home/simulations/ros2_sims_ws/install/examples_rclrs_minimal_client_service:/home/simulations/ros2_sims_ws/install/sensor_msgs_py:/home/simulations/ros2_sims_ws/install/examples_rclrs_minimal_pub_sub:/home/simulations/ros2_sims_ws/install/examples_rclrs_message_demo:/home/simulations/ros2_sims_ws/install/rclrs:/home/simulations/ros2_sims_ws/install/rosidl_runtime_rs:/home/user/ros2_ws/install/linux_basics_project:/opt/ros/humble _=/usr/bin/env /usr/bin/cmake /home/user/simulation_ws/src/turtlebot3/turtlebot3_cartographer -DCMAKE_INSTALL_PREFIX=/home/user/simulation_ws/install/turtlebot3_cartographer
[1.429s] Invoking command in '/home/user/simulation_ws/build/turtlebot3_cartographer': CMAKE_PREFIX_PATH=${CMAKE_PREFIX_PATH}:/home/user/simulation_ws/install/turtlebot3_teleop:/home/user/simulation_ws/install/turtlebot3_example:/home/simulations/ros2_sims_ws/install/rclrs_tests:/home/simulations/ros2_sims_ws/install/examples_rclrs_minimal_client_service:/home/simulations/ros2_sims_ws/install/sensor_msgs_py:/home/simulations/ros2_sims_ws/install/examples_rclrs_minimal_pub_sub:/home/simulations/ros2_sims_ws/install/examples_rclrs_message_demo:/home/simulations/ros2_sims_ws/install/rclrs:/home/simulations/ros2_sims_ws/install/rosidl_runtime_rs:/home/user/ros2_ws/install/linux_basics_project:/opt/ros/humble _=/usr/bin/env /usr/bin/cmake --build /home/user/simulation_ws/build/turtlebot3_cartographer -- -j8 -l8
[1.508s] Invoked command in '/home/user/simulation_ws/build/turtlebot3_cartographer' returned '0': CMAKE_PREFIX_PATH=${CMAKE_PREFIX_PATH}:/home/user/simulation_ws/install/turtlebot3_teleop:/home/user/simulation_ws/install/turtlebot3_example:/home/simulations/ros2_sims_ws/install/rclrs_tests:/home/simulations/ros2_sims_ws/install/examples_rclrs_minimal_client_service:/home/simulations/ros2_sims_ws/install/sensor_msgs_py:/home/simulations/ros2_sims_ws/install/examples_rclrs_minimal_pub_sub:/home/simulations/ros2_sims_ws/install/examples_rclrs_message_demo:/home/simulations/ros2_sims_ws/install/rclrs:/home/simulations/ros2_sims_ws/install/rosidl_runtime_rs:/home/user/ros2_ws/install/linux_basics_project:/opt/ros/humble _=/usr/bin/env /usr/bin/cmake --build /home/user/simulation_ws/build/turtlebot3_cartographer -- -j8 -l8
[1.597s] Invoking command in '/home/user/simulation_ws/build/turtlebot3_cartographer': CMAKE_PREFIX_PATH=${CMAKE_PREFIX_PATH}:/home/user/simulation_ws/install/turtlebot3_teleop:/home/user/simulation_ws/install/turtlebot3_example:/home/simulations/ros2_sims_ws/install/rclrs_tests:/home/simulations/ros2_sims_ws/install/examples_rclrs_minimal_client_service:/home/simulations/ros2_sims_ws/install/sensor_msgs_py:/home/simulations/ros2_sims_ws/install/examples_rclrs_minimal_pub_sub:/home/simulations/ros2_sims_ws/install/examples_rclrs_message_demo:/home/simulations/ros2_sims_ws/install/rclrs:/home/simulations/ros2_sims_ws/install/rosidl_runtime_rs:/home/user/ros2_ws/install/linux_basics_project:/opt/ros/humble _=/usr/bin/env /usr/bin/cmake --install /home/user/simulation_ws/build/turtlebot3_cartographer
[1.615s] -- Install configuration: ""
[1.615s] -- Installing: /home/user/simulation_ws/install/turtlebot3_cartographer/share/turtlebot3_cartographer/config
[1.616s] -- Installing: /home/user/simulation_ws/install/turtlebot3_cartographer/share/turtlebot3_cartographer/config/turtlebot3_lds_2d.lua
[1.616s] -- Installing: /home/user/simulation_ws/install/turtlebot3_cartographer/share/turtlebot3_cartographer/launch
[1.616s] -- Installing: /home/user/simulation_ws/install/turtlebot3_cartographer/share/turtlebot3_cartographer/launch/occupancy_grid.launch.py
[1.616s] -- Installing: /home/user/simulation_ws/install/turtlebot3_cartographer/share/turtlebot3_cartographer/launch/cartographer.launch.py
[1.617s] -- Installing: /home/user/simulation_ws/install/turtlebot3_cartographer/share/turtlebot3_cartographer/rviz
[1.617s] -- Installing: /home/user/simulation_ws/install/turtlebot3_cartographer/share/turtlebot3_cartographer/rviz/tb3_cartographer.rviz
[1.618s] -- Installing: /home/user/simulation_ws/install/turtlebot3_cartographer/share/ament_index/resource_index/package_run_dependencies/turtlebot3_cartographer
[1.619s] -- Installing: /home/user/simulation_ws/install/turtlebot3_cartographer/share/ament_index/resource_index/parent_prefix_path/turtlebot3_cartographer
[1.619s] -- Installing: /home/user/simulation_ws/install/turtlebot3_cartographer/share/turtlebot3_cartographer/environment/ament_prefix_path.sh
[1.620s] -- Installing: /home/user/simulation_ws/install/turtlebot3_cartographer/share/turtlebot3_cartographer/environment/ament_prefix_path.dsv
[1.620s] -- Installing: /home/user/simulation_ws/install/turtlebot3_cartographer/share/turtlebot3_cartographer/environment/path.sh
[1.621s] -- Installing: /home/user/simulation_ws/install/turtlebot3_cartographer/share/turtlebot3_cartographer/environment/path.dsv
[1.621s] -- Installing: /home/user/simulation_ws/install/turtlebot3_cartographer/share/turtlebot3_cartographer/local_setup.bash
[1.622s] -- Installing: /home/user/simulation_ws/install/turtlebot3_cartographer/share/turtlebot3_cartographer/local_setup.sh
[1.622s] -- Installing: /home/user/simulation_ws/install/turtlebot3_cartographer/share/turtlebot3_cartographer/local_setup.zsh
[1.623s] -- Installing: /home/user/simulation_ws/install/turtlebot3_cartographer/share/turtlebot3_cartographer/local_setup.dsv
[1.623s] -- Installing: /home/user/simulation_ws/install/turtlebot3_cartographer/share/turtlebot3_cartographer/package.dsv
[1.624s] -- Installing: /home/user/simulation_ws/install/turtlebot3_cartographer/share/ament_index/resource_index/packages/turtlebot3_cartographer
[1.624s] -- Installing: /home/user/simulation_ws/install/turtlebot3_cartographer/share/turtlebot3_cartographer/cmake/turtlebot3_cartographerConfig.cmake
[1.625s] -- Installing: /home/user/simulation_ws/install/turtlebot3_cartographer/share/turtlebot3_cartographer/cmake/turtlebot3_cartographerConfig-version.cmake
[1.625s] -- Installing: /home/user/simulation_ws/install/turtlebot3_cartographer/share/turtlebot3_cartographer/package.xml
[1.629s] Invoked command in '/home/user/simulation_ws/build/turtlebot3_cartographer' returned '0': CMAKE_PREFIX_PATH=${CMAKE_PREFIX_PATH}:/home/user/simulation_ws/install/turtlebot3_teleop:/home/user/simulation_ws/install/turtlebot3_example:/home/simulations/ros2_sims_ws/install/rclrs_tests:/home/simulations/ros2_sims_ws/install/examples_rclrs_minimal_client_service:/home/simulations/ros2_sims_ws/install/sensor_msgs_py:/home/simulations/ros2_sims_ws/install/examples_rclrs_minimal_pub_sub:/home/simulations/ros2_sims_ws/install/examples_rclrs_message_demo:/home/simulations/ros2_sims_ws/install/rclrs:/home/simulations/ros2_sims_ws/install/rosidl_runtime_rs:/home/user/ros2_ws/install/linux_basics_project:/opt/ros/humble _=/usr/bin/env /usr/bin/cmake --install /home/user/simulation_ws/build/turtlebot3_cartographer
