[0.499s] Invoking command in '/home/user/simulation_ws/build/turtlebot3_realrobot': CMAKE_PREFIX_PATH=${CMAKE_PREFIX_PATH}:/home/user/simulation_ws/install/turtlebot3_teleop:/home/user/simulation_ws/install/turtlebot3_example:/home/simulations/ros2_sims_ws/install/rclrs_tests:/home/simulations/ros2_sims_ws/install/examples_rclrs_minimal_client_service:/home/simulations/ros2_sims_ws/install/sensor_msgs_py:/home/simulations/ros2_sims_ws/install/examples_rclrs_minimal_pub_sub:/home/simulations/ros2_sims_ws/install/examples_rclrs_message_demo:/home/simulations/ros2_sims_ws/install/rclrs:/home/simulations/ros2_sims_ws/install/rosidl_runtime_rs:/home/user/ros2_ws/install/linux_basics_project:/opt/ros/humble _=/usr/bin/env /usr/bin/cmake /home/user/simulation_ws/src/turtlebot3_ros2/turtlebot3_realrobot -DCMAKE_INSTALL_PREFIX=/home/user/simulation_ws/install/turtlebot3_realrobot
[0.601s] -- The C compiler identification is GNU 11.4.0
[0.714s] -- The CXX compiler identification is GNU 11.4.0
[0.728s] -- Detecting C compiler ABI info
[0.873s] -- Detecting C compiler ABI info - done
[0.887s] -- Check for working C compiler: /usr/bin/cc - skipped
[0.888s] -- Detecting C compile features
[0.888s] -- Detecting C compile features - done
[0.893s] -- Detecting CXX compiler ABI info
[1.045s] -- Detecting CXX compiler ABI info - done
[1.059s] -- Check for working CXX compiler: /usr/bin/c++ - skipped
[1.059s] -- Detecting CXX compile features
[1.060s] -- Detecting CXX compile features - done
[1.078s] -- Found ament_cmake: 1.3.8 (/opt/ros/humble/share/ament_cmake/cmake)
[1.452s] -- Found Python3: /usr/bin/python3 (found version "3.10.12") found components: Interpreter 
[1.808s] -- Found rclcpp: 16.0.8 (/opt/ros/humble/share/rclcpp/cmake)
[2.006s] -- Found rosidl_generator_c: 3.1.5 (/opt/ros/humble/share/rosidl_generator_c/cmake)
[2.042s] -- Found rosidl_adapter: 3.1.5 (/opt/ros/humble/share/rosidl_adapter/cmake)
[2.075s] -- Found rosidl_generator_cpp: 3.1.5 (/opt/ros/humble/share/rosidl_generator_cpp/cmake)
[2.113s] -- Using all available rosidl_typesupport_c: rosidl_typesupport_fastrtps_c;rosidl_typesupport_introspection_c
[2.172s] -- Using all available rosidl_typesupport_cpp: rosidl_typesupport_fastrtps_cpp;rosidl_typesupport_introspection_cpp
[2.394s] -- Found rmw_implementation_cmake: 6.1.1 (/opt/ros/humble/share/rmw_implementation_cmake/cmake)
[2.408s] -- Found rmw_fastrtps_cpp: 6.2.6 (/opt/ros/humble/share/rmw_fastrtps_cpp/cmake)
[2.693s] -- Found OpenSSL: /usr/lib/x86_64-linux-gnu/libcrypto.so (found version "3.0.2")  
[2.762s] -- Found FastRTPS: /opt/ros/humble/include  
[2.855s] -- Using RMW implementation 'rmw_fastrtps_cpp' as default
[2.903s] -- Looking for pthread.h
[3.015s] -- Looking for pthread.h - found
[3.015s] -- Performing Test CMAKE_HAVE_LIBC_PTHREAD
[3.128s] -- Performing Test CMAKE_HAVE_LIBC_PTHREAD - Success
[3.129s] -- Found Threads: TRUE  
[3.395s] -- Found geometry_msgs: 4.2.3 (/home/simulations/ros2_sims_ws/install/geometry_msgs/share/geometry_msgs/cmake)
[3.453s] -- Found nav_msgs: 4.2.3 (/home/simulations/ros2_sims_ws/install/nav_msgs/share/nav_msgs/cmake)
[3.569s] -- Found sensor_msgs: 4.2.3 (/home/simulations/ros2_sims_ws/install/sensor_msgs/share/sensor_msgs/cmake)
[3.680s] -- Found tf2: 0.25.6 (/opt/ros/humble/share/tf2/cmake)
[3.719s] -- Found ament_lint_auto: 0.12.10 (/opt/ros/humble/share/ament_lint_auto/cmake)
[3.908s] -- Added test 'flake8' to check Python code syntax and style conventions
[3.909s] -- Added test 'lint_cmake' to check CMake code style
[3.911s] -- Added test 'pep257' to check Python code against some of the docstring style conventions in PEP 257
[3.914s] -- Added test 'xmllint' to check XML markup files
[3.917s] -- Configuring done
[3.924s] -- Generating done
[3.926s] -- Build files have been written to: /home/user/simulation_ws/build/turtlebot3_realrobot
[3.938s] Invoked command in '/home/user/simulation_ws/build/turtlebot3_realrobot' returned '0': CMAKE_PREFIX_PATH=${CMAKE_PREFIX_PATH}:/home/user/simulation_ws/install/turtlebot3_teleop:/home/user/simulation_ws/install/turtlebot3_example:/home/simulations/ros2_sims_ws/install/rclrs_tests:/home/simulations/ros2_sims_ws/install/examples_rclrs_minimal_client_service:/home/simulations/ros2_sims_ws/install/sensor_msgs_py:/home/simulations/ros2_sims_ws/install/examples_rclrs_minimal_pub_sub:/home/simulations/ros2_sims_ws/install/examples_rclrs_message_demo:/home/simulations/ros2_sims_ws/install/rclrs:/home/simulations/ros2_sims_ws/install/rosidl_runtime_rs:/home/user/ros2_ws/install/linux_basics_project:/opt/ros/humble _=/usr/bin/env /usr/bin/cmake /home/user/simulation_ws/src/turtlebot3_ros2/turtlebot3_realrobot -DCMAKE_INSTALL_PREFIX=/home/user/simulation_ws/install/turtlebot3_realrobot
[3.940s] Invoking command in '/home/user/simulation_ws/build/turtlebot3_realrobot': CMAKE_PREFIX_PATH=${CMAKE_PREFIX_PATH}:/home/user/simulation_ws/install/turtlebot3_teleop:/home/user/simulation_ws/install/turtlebot3_example:/home/simulations/ros2_sims_ws/install/rclrs_tests:/home/simulations/ros2_sims_ws/install/examples_rclrs_minimal_client_service:/home/simulations/ros2_sims_ws/install/sensor_msgs_py:/home/simulations/ros2_sims_ws/install/examples_rclrs_minimal_pub_sub:/home/simulations/ros2_sims_ws/install/examples_rclrs_message_demo:/home/simulations/ros2_sims_ws/install/rclrs:/home/simulations/ros2_sims_ws/install/rosidl_runtime_rs:/home/user/ros2_ws/install/linux_basics_project:/opt/ros/humble _=/usr/bin/env /usr/bin/cmake --build /home/user/simulation_ws/build/turtlebot3_realrobot -- -j8 -l8
[4.003s] Invoked command in '/home/user/simulation_ws/build/turtlebot3_realrobot' returned '0': CMAKE_PREFIX_PATH=${CMAKE_PREFIX_PATH}:/home/user/simulation_ws/install/turtlebot3_teleop:/home/user/simulation_ws/install/turtlebot3_example:/home/simulations/ros2_sims_ws/install/rclrs_tests:/home/simulations/ros2_sims_ws/install/examples_rclrs_minimal_client_service:/home/simulations/ros2_sims_ws/install/sensor_msgs_py:/home/simulations/ros2_sims_ws/install/examples_rclrs_minimal_pub_sub:/home/simulations/ros2_sims_ws/install/examples_rclrs_message_demo:/home/simulations/ros2_sims_ws/install/rclrs:/home/simulations/ros2_sims_ws/install/rosidl_runtime_rs:/home/user/ros2_ws/install/linux_basics_project:/opt/ros/humble _=/usr/bin/env /usr/bin/cmake --build /home/user/simulation_ws/build/turtlebot3_realrobot -- -j8 -l8
[4.053s] Invoking command in '/home/user/simulation_ws/build/turtlebot3_realrobot': CMAKE_PREFIX_PATH=${CMAKE_PREFIX_PATH}:/home/user/simulation_ws/install/turtlebot3_teleop:/home/user/simulation_ws/install/turtlebot3_example:/home/simulations/ros2_sims_ws/install/rclrs_tests:/home/simulations/ros2_sims_ws/install/examples_rclrs_minimal_client_service:/home/simulations/ros2_sims_ws/install/sensor_msgs_py:/home/simulations/ros2_sims_ws/install/examples_rclrs_minimal_pub_sub:/home/simulations/ros2_sims_ws/install/examples_rclrs_message_demo:/home/simulations/ros2_sims_ws/install/rclrs:/home/simulations/ros2_sims_ws/install/rosidl_runtime_rs:/home/user/ros2_ws/install/linux_basics_project:/opt/ros/humble _=/usr/bin/env /usr/bin/cmake --install /home/user/simulation_ws/build/turtlebot3_realrobot
[4.064s] -- Install configuration: ""
[4.064s] -- Installing: /home/user/simulation_ws/install/turtlebot3_realrobot/share/turtlebot3_realrobot//launch
[4.064s] -- Installing: /home/user/simulation_ws/install/turtlebot3_realrobot/share/turtlebot3_realrobot//launch/rviz.launch.py
[4.064s] -- Installing: /home/user/simulation_ws/install/turtlebot3_realrobot/share/turtlebot3_realrobot//launch/robot_state_publisher.launch.py
[4.065s] -- Installing: /home/user/simulation_ws/install/turtlebot3_realrobot/share/turtlebot3_realrobot//launch/main_turtlebot3_lab.launch.xml
[4.065s] -- Installing: /home/user/simulation_ws/install/turtlebot3_realrobot/share/turtlebot3_realrobot//rviz
[4.065s] -- Installing: /home/user/simulation_ws/install/turtlebot3_realrobot/share/turtlebot3_realrobot//rviz/tb3_burger.rviz
[4.065s] -- Installing: /home/user/simulation_ws/install/turtlebot3_realrobot/share/ament_index/resource_index/package_run_dependencies/turtlebot3_realrobot
[4.065s] -- Installing: /home/user/simulation_ws/install/turtlebot3_realrobot/share/ament_index/resource_index/parent_prefix_path/turtlebot3_realrobot
[4.066s] -- Installing: /home/user/simulation_ws/install/turtlebot3_realrobot/share/turtlebot3_realrobot/environment/ament_prefix_path.sh
[4.066s] -- Installing: /home/user/simulation_ws/install/turtlebot3_realrobot/share/turtlebot3_realrobot/environment/ament_prefix_path.dsv
[4.066s] -- Installing: /home/user/simulation_ws/install/turtlebot3_realrobot/share/turtlebot3_realrobot/environment/path.sh
[4.066s] -- Installing: /home/user/simulation_ws/install/turtlebot3_realrobot/share/turtlebot3_realrobot/environment/path.dsv
[4.066s] -- Installing: /home/user/simulation_ws/install/turtlebot3_realrobot/share/turtlebot3_realrobot/local_setup.bash
[4.066s] -- Installing: /home/user/simulation_ws/install/turtlebot3_realrobot/share/turtlebot3_realrobot/local_setup.sh
[4.067s] -- Installing: /home/user/simulation_ws/install/turtlebot3_realrobot/share/turtlebot3_realrobot/local_setup.zsh
[4.067s] -- Installing: /home/user/simulation_ws/install/turtlebot3_realrobot/share/turtlebot3_realrobot/local_setup.dsv
[4.067s] -- Installing: /home/user/simulation_ws/install/turtlebot3_realrobot/share/turtlebot3_realrobot/package.dsv
[4.067s] -- Installing: /home/user/simulation_ws/install/turtlebot3_realrobot/share/ament_index/resource_index/packages/turtlebot3_realrobot
[4.067s] -- Installing: /home/user/simulation_ws/install/turtlebot3_realrobot/share/turtlebot3_realrobot/cmake/turtlebot3_realrobotConfig.cmake
[4.067s] -- Installing: /home/user/simulation_ws/install/turtlebot3_realrobot/share/turtlebot3_realrobot/cmake/turtlebot3_realrobotConfig-version.cmake
[4.067s] -- Installing: /home/user/simulation_ws/install/turtlebot3_realrobot/share/turtlebot3_realrobot/package.xml
[4.071s] Invoked command in '/home/user/simulation_ws/build/turtlebot3_realrobot' returned '0': CMAKE_PREFIX_PATH=${CMAKE_PREFIX_PATH}:/home/user/simulation_ws/install/turtlebot3_teleop:/home/user/simulation_ws/install/turtlebot3_example:/home/simulations/ros2_sims_ws/install/rclrs_tests:/home/simulations/ros2_sims_ws/install/examples_rclrs_minimal_client_service:/home/simulations/ros2_sims_ws/install/sensor_msgs_py:/home/simulations/ros2_sims_ws/install/examples_rclrs_minimal_pub_sub:/home/simulations/ros2_sims_ws/install/examples_rclrs_message_demo:/home/simulations/ros2_sims_ws/install/rclrs:/home/simulations/ros2_sims_ws/install/rosidl_runtime_rs:/home/user/ros2_ws/install/linux_basics_project:/opt/ros/humble _=/usr/bin/env /usr/bin/cmake --install /home/user/simulation_ws/build/turtlebot3_realrobot
