Release 14.7 Map P.20131013 (nt64)
Xilinx Mapping Report File for Design 'top'

Design Information
------------------
Command Line   : map -intstyle ise -p xc6slx16-csg324-3 -w -logic_opt off -ol
high -t 1 -xt 0 -register_duplication off -r 4 -global_opt off -mt off -ir off
-pr off -lc off -power off -o top_map.ncd top.ngd top.pcf 
Target Device  : xc6slx16
Target Package : csg324
Target Speed   : -3
Mapper Version : spartan6 -- $Revision: 1.55 $
Mapped Date    : Thu Apr 23 10:18:57 2026

Design Summary
--------------
Number of errors:      0
Number of warnings:    0
Slice Logic Utilization:
  Number of Slice Registers:                   260 out of  18,224    1%
    Number used as Flip Flops:                 260
    Number used as Latches:                      0
    Number used as Latch-thrus:                  0
    Number used as AND/OR logics:                0
  Number of Slice LUTs:                        454 out of   9,112    4%
    Number used as logic:                      446 out of   9,112    4%
      Number using O6 output only:             355
      Number using O5 output only:              75
      Number using O5 and O6:                   16
      Number used as ROM:                        0
    Number used as Memory:                       0 out of   2,176    0%
    Number used exclusively as route-thrus:      8
      Number with same-slice register load:      4
      Number with same-slice carry load:         4
      Number with other load:                    0

Slice Logic Distribution:
  Number of occupied Slices:                   156 out of   2,278    6%
  Number of MUXCYs used:                        92 out of   4,556    2%
  Number of LUT Flip Flop pairs used:          485
    Number with an unused Flip Flop:           229 out of     485   47%
    Number with an unused LUT:                  31 out of     485    6%
    Number of fully used LUT-FF pairs:         225 out of     485   46%
    Number of unique control sets:              16
    Number of slice register sites lost
      to control set restrictions:              36 out of  18,224    1%

  A LUT Flip Flop pair for this architecture represents one LUT paired with
  one Flip Flop within a slice.  A control set is a unique combination of
  clock, reset, set, and enable signals for a registered element.
  The Slice Logic Distribution report is not meaningful if the design is
  over-mapped for a non-slice resource or if Placement fails.

IO Utilization:
  Number of bonded IOBs:                        48 out of     232   20%
    Number of LOCed IOBs:                       48 out of      48  100%

Specific Feature Utilization:
  Number of RAMB16BWERs:                         0 out of      32    0%
  Number of RAMB8BWERs:                          0 out of      64    0%
  Number of BUFIO2/BUFIO2_2CLKs:                 0 out of      32    0%
  Number of BUFIO2FB/BUFIO2FB_2CLKs:             0 out of      32    0%
  Number of BUFG/BUFGMUXs:                       3 out of      16   18%
    Number used as BUFGs:                        3
    Number used as BUFGMUX:                      0
  Number of DCM/DCM_CLKGENs:                     0 out of       4    0%
  Number of ILOGIC2/ISERDES2s:                   0 out of     248    0%
  Number of IODELAY2/IODRP2/IODRP2_MCBs:         0 out of     248    0%
  Number of OLOGIC2/OSERDES2s:                   0 out of     248    0%
  Number of BSCANs:                              0 out of       4    0%
  Number of BUFHs:                               0 out of     128    0%
  Number of BUFPLLs:                             0 out of       8    0%
  Number of BUFPLL_MCBs:                         0 out of       4    0%
  Number of DSP48A1s:                            0 out of      32    0%
  Number of ICAPs:                               0 out of       1    0%
  Number of MCBs:                                0 out of       2    0%
  Number of PCILOGICSEs:                         0 out of       2    0%
  Number of PLL_ADVs:                            0 out of       2    0%
  Number of PMVs:                                0 out of       1    0%
  Number of STARTUPs:                            0 out of       1    0%
  Number of SUSPEND_SYNCs:                       0 out of       1    0%

Average Fanout of Non-Clock Nets:                3.90

Peak Memory Usage:  4601 MB
Total REAL time to MAP completion:  6 secs 
Total CPU time to MAP completion:   6 secs 

Table of Contents
-----------------
Section 1 - Errors
Section 2 - Warnings
Section 3 - Informational
Section 4 - Removed Logic Summary
Section 5 - Removed Logic
Section 6 - IOB Properties
Section 7 - RPMs
Section 8 - Guide Report
Section 9 - Area Group and Partition Summary
Section 10 - Timing Report
Section 11 - Configuration String Information
Section 12 - Control Set Information
Section 13 - Utilization by Hierarchy

Section 1 - Errors
------------------

Section 2 - Warnings
--------------------

Section 3 - Informational
-------------------------
INFO:LIT:243 - Logical network btn<4>_IBUF has no load.
INFO:LIT:395 - The above info message is repeated 4 more times for the following
   (max. 5 shown):
   btn<3>_IBUF,
   btn<2>_IBUF,
   btn<1>_IBUF,
   RsRx_IBUF
   To see the details of these info messages, please use the -detail switch.
INFO:MapLib:562 - No environment variables are currently set.
INFO:LIT:244 - All of the single ended outputs in this design are using slew
   rate limited output drivers. The delay on speed critical single ended outputs
   can be dramatically reduced by designating them as fast outputs.
INFO:Pack:1716 - Initializing temperature to 85.000 Celsius. (default - Range:
   0.000 to 85.000 Celsius)
INFO:Pack:1720 - Initializing voltage to 1.140 Volts. (default - Range: 1.140 to
   1.260 Volts)
INFO:Map:215 - The Interim Design Summary has been generated in the MAP Report
   (.mrp).
INFO:Pack:1650 - Map created a placed design.

Section 4 - Removed Logic Summary
---------------------------------
   9 block(s) removed
  86 block(s) optimized away
   6 signal(s) removed

Section 5 - Removed Logic
-------------------------

The trimmed logic report below shows the logic removed from your design due to
sourceless or loadless signals, and VCC or ground connections.  If the removal
of a signal or symbol results in the subsequent removal of an additional signal
or symbol, the message explaining that second removal will be indented.  This
indentation will be repeated as a chain of related logic is removed.

To quickly locate the original cause for the removal of a chain of logic, look
above the place where that logic is listed in the trimming report, then locate
the lines that are least indented (begin at the leftmost edge).

Loadless block "XLXI_241/XLXI_2/XLXI_2/XLXI_43/XLXI_4/XLXI_5" (OR) removed.
 The signal "XLXI_241/XLXI_2/XLXI_2/XLXI_43/XLXI_4/XLXN_6" is loadless and has
been removed.
  Loadless block "XLXI_241/XLXI_2/XLXI_2/XLXI_43/XLXI_4/XLXI_3" (AND) removed.
 The signal "XLXI_241/XLXI_2/XLXI_2/XLXI_43/XLXI_4/XLXN_7" is loadless and has
been removed.
  Loadless block "XLXI_241/XLXI_2/XLXI_2/XLXI_43/XLXI_4/XLXI_4" (AND) removed.
Loadless block "XLXI_241/XLXI_2/XLXI_2/XLXI_44/XLXI_17/XLXI_19/XLXI_4/XLXI_5"
(OR) removed.
 The signal "XLXI_241/XLXI_2/XLXI_2/XLXI_44/XLXI_17/XLXI_19/XLXI_4/XLXN_6" is
loadless and has been removed.
  Loadless block "XLXI_241/XLXI_2/XLXI_2/XLXI_44/XLXI_17/XLXI_19/XLXI_4/XLXI_3"
(AND) removed.
 The signal "XLXI_241/XLXI_2/XLXI_2/XLXI_44/XLXI_17/XLXI_19/XLXI_4/XLXN_7" is
loadless and has been removed.
  Loadless block "XLXI_241/XLXI_2/XLXI_2/XLXI_44/XLXI_17/XLXI_19/XLXI_4/XLXI_4"
(AND) removed.
Loadless block "XLXI_241/XLXI_2/XLXI_2/XLXI_44/XLXI_18/XLXI_4/XLXI_5" (OR)
removed.
 The signal "XLXI_241/XLXI_2/XLXI_2/XLXI_44/XLXI_18/XLXI_4/XLXN_6" is loadless
and has been removed.
  Loadless block "XLXI_241/XLXI_2/XLXI_2/XLXI_44/XLXI_18/XLXI_4/XLXI_3" (AND)
removed.
 The signal "XLXI_241/XLXI_2/XLXI_2/XLXI_44/XLXI_18/XLXI_4/XLXN_7" is loadless
and has been removed.
  Loadless block "XLXI_241/XLXI_2/XLXI_2/XLXI_44/XLXI_18/XLXI_4/XLXI_4" (AND)
removed.

Optimized Block(s):
TYPE 		BLOCK
AND2 		XLXI_241/XLXI_2/XLXI_2/XLXI_43/XLXI_1/XLXI_4
XOR2 		XLXI_241/XLXI_2/XLXI_2/XLXI_43/XLXI_4/XLXI_1
AND2 		XLXI_241/XLXI_2/XLXI_2/XLXI_44/XLXI_17/XLXI_19/XLXI_1/XLXI_4
AND2 		XLXI_241/XLXI_2/XLXI_2/XLXI_44/XLXI_17/XLXI_19/XLXI_2/XLXI_3
AND2 		XLXI_241/XLXI_2/XLXI_2/XLXI_44/XLXI_17/XLXI_19/XLXI_3/XLXI_3
AND2 		XLXI_241/XLXI_2/XLXI_2/XLXI_44/XLXI_18/XLXI_1/XLXI_3
AND2 		XLXI_241/XLXI_2/XLXI_2/XLXI_44/XLXI_18/XLXI_1/XLXI_4
OR2 		XLXI_241/XLXI_2/XLXI_2/XLXI_44/XLXI_18/XLXI_1/XLXI_5
AND2 		XLXI_241/XLXI_2/XLXI_2/XLXI_44/XLXI_18/XLXI_2/XLXI_3
AND2 		XLXI_241/XLXI_2/XLXI_2/XLXI_44/XLXI_18/XLXI_2/XLXI_4
OR2 		XLXI_241/XLXI_2/XLXI_2/XLXI_44/XLXI_18/XLXI_2/XLXI_5
AND2 		XLXI_241/XLXI_2/XLXI_2/XLXI_44/XLXI_18/XLXI_3/XLXI_3
AND2 		XLXI_241/XLXI_2/XLXI_2/XLXI_44/XLXI_18/XLXI_3/XLXI_4
OR2 		XLXI_241/XLXI_2/XLXI_2/XLXI_44/XLXI_18/XLXI_3/XLXI_5
AND4B3 		XLXI_241/XLXI_2/XLXI_9/XLXI_1/XLXI_1
AND4B1 		XLXI_241/XLXI_2/XLXI_9/XLXI_1/XLXI_103
OR4 		XLXI_241/XLXI_2/XLXI_9/XLXI_1/XLXI_104
AND4B2 		XLXI_241/XLXI_2/XLXI_9/XLXI_1/XLXI_107
AND3B1 		XLXI_241/XLXI_2/XLXI_9/XLXI_1/XLXI_108
AND3B1 		XLXI_241/XLXI_2/XLXI_9/XLXI_1/XLXI_109
OR4 		XLXI_241/XLXI_2/XLXI_9/XLXI_1/XLXI_11
AND3 		XLXI_241/XLXI_2/XLXI_9/XLXI_1/XLXI_110
AND3B1 		XLXI_241/XLXI_2/XLXI_9/XLXI_1/XLXI_113
AND3 		XLXI_241/XLXI_2/XLXI_9/XLXI_1/XLXI_114
AND4B3 		XLXI_241/XLXI_2/XLXI_9/XLXI_1/XLXI_115
AND4B2 		XLXI_241/XLXI_2/XLXI_9/XLXI_1/XLXI_132
AND3 		XLXI_241/XLXI_2/XLXI_9/XLXI_1/XLXI_133
OR4 		XLXI_241/XLXI_2/XLXI_9/XLXI_1/XLXI_134
AND4B1 		XLXI_241/XLXI_2/XLXI_9/XLXI_1/XLXI_136
OR4 		XLXI_241/XLXI_2/XLXI_9/XLXI_1/XLXI_137
AND4B2 		XLXI_241/XLXI_2/XLXI_9/XLXI_1/XLXI_141
OR3 		XLXI_241/XLXI_2/XLXI_9/XLXI_1/XLXI_155
AND4B3 		XLXI_241/XLXI_2/XLXI_9/XLXI_1/XLXI_2
OR3 		XLXI_241/XLXI_2/XLXI_9/XLXI_1/XLXI_32
OR3 		XLXI_241/XLXI_2/XLXI_9/XLXI_1/XLXI_34
AND4B3 		XLXI_241/XLXI_2/XLXI_9/XLXI_1/XLXI_35
AND4B3 		XLXI_241/XLXI_2/XLXI_9/XLXI_1/XLXI_36
AND3B2 		XLXI_241/XLXI_2/XLXI_9/XLXI_1/XLXI_37
AND3B2 		XLXI_241/XLXI_2/XLXI_9/XLXI_1/XLXI_38
AND2B1 		XLXI_241/XLXI_2/XLXI_9/XLXI_1/XLXI_39
AND3B2 		XLXI_241/XLXI_2/XLXI_9/XLXI_1/XLXI_40
AND3B2 		XLXI_241/XLXI_2/XLXI_9/XLXI_1/XLXI_41
AND3B1 		XLXI_241/XLXI_2/XLXI_9/XLXI_1/XLXI_44
AND4B1 		XLXI_241/XLXI_2/XLXI_9/XLXI_1/XLXI_46
AND3B3 		XLXI_241/XLXI_2/XLXI_9/XLXI_1/XLXI_47
AND2B1 		XLXI_241/XLXI_2/XLXI_9/XLXI_1/XLXI_481
AND2B1 		XLXI_241/XLXI_2/XLXI_9/XLXI_1/XLXI_482
AND2B1 		XLXI_241/XLXI_2/XLXI_9/XLXI_1/XLXI_486
AND4B1 		XLXI_241/XLXI_2/XLXI_9/XLXI_1/XLXI_68
GND 		XLXI_241/XLXI_2/XLXI_9/XLXI_2/XLXI_487
AND4B3 		XLXI_241/XLXI_2/XLXI_9/XLXI_3/XLXI_1
AND4B1 		XLXI_241/XLXI_2/XLXI_9/XLXI_3/XLXI_103
OR4 		XLXI_241/XLXI_2/XLXI_9/XLXI_3/XLXI_104
AND4B2 		XLXI_241/XLXI_2/XLXI_9/XLXI_3/XLXI_107
AND3B1 		XLXI_241/XLXI_2/XLXI_9/XLXI_3/XLXI_108
AND3B1 		XLXI_241/XLXI_2/XLXI_9/XLXI_3/XLXI_109
OR4 		XLXI_241/XLXI_2/XLXI_9/XLXI_3/XLXI_11
AND3 		XLXI_241/XLXI_2/XLXI_9/XLXI_3/XLXI_110
AND3B1 		XLXI_241/XLXI_2/XLXI_9/XLXI_3/XLXI_113
AND3 		XLXI_241/XLXI_2/XLXI_9/XLXI_3/XLXI_114
AND4B3 		XLXI_241/XLXI_2/XLXI_9/XLXI_3/XLXI_115
AND4B2 		XLXI_241/XLXI_2/XLXI_9/XLXI_3/XLXI_132
AND3 		XLXI_241/XLXI_2/XLXI_9/XLXI_3/XLXI_133
OR4 		XLXI_241/XLXI_2/XLXI_9/XLXI_3/XLXI_134
AND4B1 		XLXI_241/XLXI_2/XLXI_9/XLXI_3/XLXI_136
OR4 		XLXI_241/XLXI_2/XLXI_9/XLXI_3/XLXI_137
AND4B2 		XLXI_241/XLXI_2/XLXI_9/XLXI_3/XLXI_141
OR3 		XLXI_241/XLXI_2/XLXI_9/XLXI_3/XLXI_155
AND4B3 		XLXI_241/XLXI_2/XLXI_9/XLXI_3/XLXI_2
OR3 		XLXI_241/XLXI_2/XLXI_9/XLXI_3/XLXI_32
OR3 		XLXI_241/XLXI_2/XLXI_9/XLXI_3/XLXI_34
AND4B3 		XLXI_241/XLXI_2/XLXI_9/XLXI_3/XLXI_35
AND4B3 		XLXI_241/XLXI_2/XLXI_9/XLXI_3/XLXI_36
AND3B2 		XLXI_241/XLXI_2/XLXI_9/XLXI_3/XLXI_37
AND3B2 		XLXI_241/XLXI_2/XLXI_9/XLXI_3/XLXI_38
AND2B1 		XLXI_241/XLXI_2/XLXI_9/XLXI_3/XLXI_39
AND3B2 		XLXI_241/XLXI_2/XLXI_9/XLXI_3/XLXI_40
AND3B2 		XLXI_241/XLXI_2/XLXI_9/XLXI_3/XLXI_41
AND3B1 		XLXI_241/XLXI_2/XLXI_9/XLXI_3/XLXI_44
AND4B1 		XLXI_241/XLXI_2/XLXI_9/XLXI_3/XLXI_46
AND3B3 		XLXI_241/XLXI_2/XLXI_9/XLXI_3/XLXI_47
AND2B1 		XLXI_241/XLXI_2/XLXI_9/XLXI_3/XLXI_481
AND2B1 		XLXI_241/XLXI_2/XLXI_9/XLXI_3/XLXI_482
AND2B1 		XLXI_241/XLXI_2/XLXI_9/XLXI_3/XLXI_485
AND4B1 		XLXI_241/XLXI_2/XLXI_9/XLXI_3/XLXI_68
VCC 		XLXI_241/XLXI_2/XLXI_9/XLXI_6/XLXI_7

To enable printing of redundant blocks removed and signals merged, set the
detailed map report option and rerun map.

Section 6 - IOB Properties
--------------------------

+---------------------------------------------------------------------------------------------------------------------------------------------------------+
| IOB Name                           | Type             | Direction | IO Standard          | Diff  | Drive    | Slew | Reg (s)      | Resistor | IOB      |
|                                    |                  |           |                      | Term  | Strength | Rate |              |          | Delay    |
+---------------------------------------------------------------------------------------------------------------------------------------------------------+
| DB<0>                              | IOB              | BIDIR     | LVCMOS33             |       | 12       | SLOW |              |          |          |
| DB<1>                              | IOB              | BIDIR     | LVCMOS33             |       | 12       | SLOW |              |          |          |
| DB<2>                              | IOB              | BIDIR     | LVCMOS33             |       | 12       | SLOW |              |          |          |
| DB<3>                              | IOB              | BIDIR     | LVCMOS33             |       | 12       | SLOW |              |          |          |
| DB<4>                              | IOB              | BIDIR     | LVCMOS33             |       | 12       | SLOW |              |          |          |
| DB<5>                              | IOB              | BIDIR     | LVCMOS33             |       | 12       | SLOW |              |          |          |
| DB<6>                              | IOB              | BIDIR     | LVCMOS33             |       | 12       | SLOW |              |          |          |
| DB<7>                              | IOB              | BIDIR     | LVCMOS33             |       | 12       | SLOW |              |          |          |
| EppASTB                            | IOB              | INPUT     | LVCMOS33             |       |          |      |              |          |          |
| EppDSTB                            | IOB              | INPUT     | LVCMOS33             |       |          |      |              |          |          |
| EppWAIT                            | IOB              | OUTPUT    | LVCMOS33             |       | 12       | SLOW |              |          |          |
| EppWRITE                           | IOB              | INPUT     | LVCMOS33             |       |          |      |              |          |          |
| Led<0>                             | IOB              | OUTPUT    | LVCMOS33             |       | 12       | SLOW |              |          |          |
| Led<1>                             | IOB              | OUTPUT    | LVCMOS33             |       | 12       | SLOW |              |          |          |
| Led<2>                             | IOB              | OUTPUT    | LVCMOS33             |       | 12       | SLOW |              |          |          |
| Led<3>                             | IOB              | OUTPUT    | LVCMOS33             |       | 12       | SLOW |              |          |          |
| Led<4>                             | IOB              | OUTPUT    | LVCMOS33             |       | 12       | SLOW |              |          |          |
| Led<5>                             | IOB              | OUTPUT    | LVCMOS33             |       | 12       | SLOW |              |          |          |
| Led<6>                             | IOB              | OUTPUT    | LVCMOS33             |       | 12       | SLOW |              |          |          |
| Led<7>                             | IOB              | OUTPUT    | LVCMOS33             |       | 12       | SLOW |              |          |          |
| RsRx                               | IOB              | INPUT     | LVCMOS33             |       |          |      |              |          |          |
| RsTx                               | IOB              | OUTPUT    | LVCMOS33             |       | 12       | SLOW |              |          |          |
| an<0>                              | IOB              | OUTPUT    | LVCMOS33             |       | 12       | SLOW |              |          |          |
| an<1>                              | IOB              | OUTPUT    | LVCMOS33             |       | 12       | SLOW |              |          |          |
| an<2>                              | IOB              | OUTPUT    | LVCMOS33             |       | 12       | SLOW |              |          |          |
| an<3>                              | IOB              | OUTPUT    | LVCMOS33             |       | 12       | SLOW |              |          |          |
| btn<0>                             | IOB              | INPUT     | LVCMOS33             |       |          |      |              |          |          |
| btn<1>                             | IOB              | INPUT     | LVCMOS33             |       |          |      |              |          |          |
| btn<2>                             | IOB              | INPUT     | LVCMOS33             |       |          |      |              |          |          |
| btn<3>                             | IOB              | INPUT     | LVCMOS33             |       |          |      |              |          |          |
| btn<4>                             | IOB              | INPUT     | LVCMOS33             |       |          |      |              |          |          |
| clk                                | IOB              | INPUT     | LVCMOS33             |       |          |      |              |          |          |
| seg<0>                             | IOB              | OUTPUT    | LVCMOS33             |       | 12       | SLOW |              |          |          |
| seg<1>                             | IOB              | OUTPUT    | LVCMOS33             |       | 12       | SLOW |              |          |          |
| seg<2>                             | IOB              | OUTPUT    | LVCMOS33             |       | 12       | SLOW |              |          |          |
| seg<3>                             | IOB              | OUTPUT    | LVCMOS33             |       | 12       | SLOW |              |          |          |
| seg<4>                             | IOB              | OUTPUT    | LVCMOS33             |       | 12       | SLOW |              |          |          |
| seg<5>                             | IOB              | OUTPUT    | LVCMOS33             |       | 12       | SLOW |              |          |          |
| seg<6>                             | IOB              | OUTPUT    | LVCMOS33             |       | 12       | SLOW |              |          |          |
| seg<7>                             | IOB              | OUTPUT    | LVCMOS33             |       | 12       | SLOW |              |          |          |
| sw<0>                              | IOB              | INPUT     | LVCMOS33             |       |          |      |              |          |          |
| sw<1>                              | IOB              | INPUT     | LVCMOS33             |       |          |      |              |          |          |
| sw<2>                              | IOB              | INPUT     | LVCMOS33             |       |          |      |              |          |          |
| sw<3>                              | IOB              | INPUT     | LVCMOS33             |       |          |      |              |          |          |
| sw<4>                              | IOB              | INPUT     | LVCMOS33             |       |          |      |              |          |          |
| sw<5>                              | IOB              | INPUT     | LVCMOS33             |       |          |      |              |          |          |
| sw<6>                              | IOB              | INPUT     | LVCMOS33             |       |          |      |              |          |          |
| sw<7>                              | IOB              | INPUT     | LVCMOS33             |       |          |      |              |          |          |
+---------------------------------------------------------------------------------------------------------------------------------------------------------+

Section 7 - RPMs
----------------

Section 8 - Guide Report
------------------------
Guide not run on this design.

Section 9 - Area Group and Partition Summary
--------------------------------------------

Partition Implementation Status
-------------------------------

  No Partitions were found in this design.

-------------------------------

Area Group Information
----------------------

  No area groups were found in this design.

----------------------

Section 10 - Timing Report
--------------------------
A logic-level (pre-route) timing report can be generated by using Xilinx static
timing analysis tools, Timing Analyzer (GUI) or TRCE (command line), with the
mapped NCD and PCF files. Please note that this timing report will be generated
using estimated delay information. For accurate numbers, please generate a
timing report with the post Place and Route NCD file.

For more information about the Timing Analyzer, consult the Xilinx Timing
Analyzer Reference Manual; for more information about TRCE, consult the Xilinx
Command Line Tools User Guide "TRACE" chapter.

Section 11 - Configuration String Details
-----------------------------------------
Use the "-detail" map option to print out Configuration Strings

Section 12 - Control Set Information
------------------------------------
Use the "-detail" map option to print out Control Set Information.

Section 13 - Utilization by Hierarchy
-------------------------------------
Use the "-detail" map option to print out the Utilization by Hierarchy section.
